/Users/hanbingbing/Desktop/sites/vue-blog/server/routes/user.js:4
router.get('/user', checkToekn, (req, res, next) => {
                    ^

ReferenceError: checkToekn is not defined
    at Object.<anonymous> (/Users/hanbingbing/Desktop/sites/vue-blog/server/routes/user.js:4:21)
    at Module._compile (internal/modules/cjs/loader.js:689:30)
    at Object.Module._extensions..js (internal/modules/cjs/loader.js:700:10)
    at Module.load (internal/modules/cjs/loader.js:599:32)
    at tryModuleLoad (internal/modules/cjs/loader.js:538:12)
    at Function.Module._load (internal/modules/cjs/loader.js:530:3)
    at Module.require (internal/modules/cjs/loader.js:637:17)
    at require (internal/modules/cjs/helpers.js:22:18)
    at Object.<anonymous> (/Users/hanbingbing/Desktop/sites/vue-blog/server/app.js:8:14)
    at Module._compile (internal/modules/cjs/loader.js:689:30)
    at Object.Module._extensions..js (internal/modules/cjs/loader.js:700:10)
    at Module.load (internal/modules/cjs/loader.js:599:32)
    at tryModuleLoad (internal/modules/cjs/loader.js:538:12)
    at Function.Module._load (internal/modules/cjs/loader.js:530:3)
    at Function.Module.runMain (internal/modules/cjs/loader.js:742:12)
    at startup (internal/bootstrap/node.js:283:19)
npm ERR! code ELIFECYCLE
npm ERR! errno 1
npm ERR! server@1.0.0 start: `cross-env NODE_ENV=production node app.js`
npm ERR! Exit status 1
npm ERR! 
npm ERR! Failed at the server@1.0.0 start script.
npm ERR! This is probably not a problem with npm. There is likely additional logging output above.

npm ERR! A complete log of this run can be found in:
npm ERR!     /Users/hanbingbing/.npm/_logs/2019-06-14T15_27_48_370Z-debug.log
/Users/hanbingbing/Desktop/sites/vue-blog/server/routes/user.js:4
router.get('/user', checkToekn, (req, res, next) => {
                    ^

ReferenceError: checkToekn is not defined
    at Object.<anonymous> (/Users/hanbingbing/Desktop/sites/vue-blog/server/routes/user.js:4:21)
    at Module._compile (internal/modules/cjs/loader.js:689:30)
    at Object.Module._extensions..js (internal/modules/cjs/loader.js:700:10)
    at Module.load (internal/modules/cjs/loader.js:599:32)
    at tryModuleLoad (internal/modules/cjs/loader.js:538:12)
    at Function.Module._load (internal/modules/cjs/loader.js:530:3)
    at Module.require (internal/modules/cjs/loader.js:637:17)
    at require (internal/modules/cjs/helpers.js:22:18)
    at Object.<anonymous> (/Users/hanbingbing/Desktop/sites/vue-blog/server/app.js:8:14)
    at Module._compile (internal/modules/cjs/loader.js:689:30)
    at Object.Module._extensions..js (internal/modules/cjs/loader.js:700:10)
    at Module.load (internal/modules/cjs/loader.js:599:32)
    at tryModuleLoad (internal/modules/cjs/loader.js:538:12)
    at Function.Module._load (internal/modules/cjs/loader.js:530:3)
    at Function.Module.runMain (internal/modules/cjs/loader.js:742:12)
    at startup (internal/bootstrap/node.js:283:19)
npm ERR! code ELIFECYCLE
npm ERR! errno 1
npm ERR! server@1.0.0 start: `cross-env NODE_ENV=production node app.js`
npm ERR! Exit status 1
npm ERR! 
npm ERR! Failed at the server@1.0.0 start script.
npm ERR! This is probably not a problem with npm. There is likely additional logging output above.

npm ERR! A complete log of this run can be found in:
npm ERR!     /Users/hanbingbing/.npm/_logs/2019-06-14T15_27_52_912Z-debug.log
/Users/hanbingbing/Desktop/sites/vue-blog/server/routes/user.js:4
router.get('/user', checkToekn, (req, res, next) => {
                    ^

ReferenceError: checkToekn is not defined
    at Object.<anonymous> (/Users/hanbingbing/Desktop/sites/vue-blog/server/routes/user.js:4:21)
    at Module._compile (internal/modules/cjs/loader.js:689:30)
    at Object.Module._extensions..js (internal/modules/cjs/loader.js:700:10)
    at Module.load (internal/modules/cjs/loader.js:599:32)
    at tryModuleLoad (internal/modules/cjs/loader.js:538:12)
    at Function.Module._load (internal/modules/cjs/loader.js:530:3)
    at Module.require (internal/modules/cjs/loader.js:637:17)
    at require (internal/modules/cjs/helpers.js:22:18)
    at Object.<anonymous> (/Users/hanbingbing/Desktop/sites/vue-blog/server/app.js:8:14)
    at Module._compile (internal/modules/cjs/loader.js:689:30)
    at Object.Module._extensions..js (internal/modules/cjs/loader.js:700:10)
    at Module.load (internal/modules/cjs/loader.js:599:32)
    at tryModuleLoad (internal/modules/cjs/loader.js:538:12)
    at Function.Module._load (internal/modules/cjs/loader.js:530:3)
    at Function.Module.runMain (internal/modules/cjs/loader.js:742:12)
    at startup (internal/bootstrap/node.js:283:19)
npm ERR! code ELIFECYCLE
npm ERR! errno 1
npm ERR! server@1.0.0 start: `cross-env NODE_ENV=production node app.js`
npm ERR! Exit status 1
npm ERR! 
npm ERR! Failed at the server@1.0.0 start script.
npm ERR! This is probably not a problem with npm. There is likely additional logging output above.

npm ERR! A complete log of this run can be found in:
npm ERR!     /Users/hanbingbing/.npm/_logs/2019-06-14T15_27_58_048Z-debug.log
/Users/hanbingbing/Desktop/sites/vue-blog/server/routes/user.js:4
router.get('/user', checkToekn, (req, res, next) => {
                    ^

ReferenceError: checkToekn is not defined
    at Object.<anonymous> (/Users/hanbingbing/Desktop/sites/vue-blog/server/routes/user.js:4:21)
    at Module._compile (internal/modules/cjs/loader.js:689:30)
    at Object.Module._extensions..js (internal/modules/cjs/loader.js:700:10)
    at Module.load (internal/modules/cjs/loader.js:599:32)
    at tryModuleLoad (internal/modules/cjs/loader.js:538:12)
    at Function.Module._load (internal/modules/cjs/loader.js:530:3)
    at Module.require (internal/modules/cjs/loader.js:637:17)
    at require (internal/modules/cjs/helpers.js:22:18)
    at Object.<anonymous> (/Users/hanbingbing/Desktop/sites/vue-blog/server/app.js:8:14)
    at Module._compile (internal/modules/cjs/loader.js:689:30)
    at Object.Module._extensions..js (internal/modules/cjs/loader.js:700:10)
    at Module.load (internal/modules/cjs/loader.js:599:32)
    at tryModuleLoad (internal/modules/cjs/loader.js:538:12)
    at Function.Module._load (internal/modules/cjs/loader.js:530:3)
    at Function.Module.runMain (internal/modules/cjs/loader.js:742:12)
    at startup (internal/bootstrap/node.js:283:19)
npm ERR! code ELIFECYCLE
npm ERR! errno 1
npm ERR! server@1.0.0 start: `cross-env NODE_ENV=production node app.js`
npm ERR! Exit status 1
npm ERR! 
npm ERR! Failed at the server@1.0.0 start script.
npm ERR! This is probably not a problem with npm. There is likely additional logging output above.

npm ERR! A complete log of this run can be found in:
npm ERR!     /Users/hanbingbing/.npm/_logs/2019-06-14T15_28_03_215Z-debug.log
/Users/hanbingbing/Desktop/sites/vue-blog/server/routes/user.js:4
router.get('/user', checkToekn, (req, res, next) => {
                    ^

ReferenceError: checkToekn is not defined
    at Object.<anonymous> (/Users/hanbingbing/Desktop/sites/vue-blog/server/routes/user.js:4:21)
    at Module._compile (internal/modules/cjs/loader.js:689:30)
    at Object.Module._extensions..js (internal/modules/cjs/loader.js:700:10)
    at Module.load (internal/modules/cjs/loader.js:599:32)
    at tryModuleLoad (internal/modules/cjs/loader.js:538:12)
    at Function.Module._load (internal/modules/cjs/loader.js:530:3)
    at Module.require (internal/modules/cjs/loader.js:637:17)
    at require (internal/modules/cjs/helpers.js:22:18)
    at Object.<anonymous> (/Users/hanbingbing/Desktop/sites/vue-blog/server/app.js:8:14)
    at Module._compile (internal/modules/cjs/loader.js:689:30)
    at Object.Module._extensions..js (internal/modules/cjs/loader.js:700:10)
    at Module.load (internal/modules/cjs/loader.js:599:32)
    at tryModuleLoad (internal/modules/cjs/loader.js:538:12)
    at Function.Module._load (internal/modules/cjs/loader.js:530:3)
    at Function.Module.runMain (internal/modules/cjs/loader.js:742:12)
    at startup (internal/bootstrap/node.js:283:19)
npm ERR! code ELIFECYCLE
npm ERR! errno 1
npm ERR! server@1.0.0 start: `cross-env NODE_ENV=production node app.js`
npm ERR! Exit status 1
npm ERR! 
npm ERR! Failed at the server@1.0.0 start script.
npm ERR! This is probably not a problem with npm. There is likely additional logging output above.

npm ERR! A complete log of this run can be found in:
npm ERR!     /Users/hanbingbing/.npm/_logs/2019-06-14T15_28_08_351Z-debug.log
/Users/hanbingbing/Desktop/sites/vue-blog/server/routes/user.js:4
router.get('/user', checkToekn, (req, res, next) => {
                    ^

ReferenceError: checkToekn is not defined
    at Object.<anonymous> (/Users/hanbingbing/Desktop/sites/vue-blog/server/routes/user.js:4:21)
    at Module._compile (internal/modules/cjs/loader.js:689:30)
    at Object.Module._extensions..js (internal/modules/cjs/loader.js:700:10)
    at Module.load (internal/modules/cjs/loader.js:599:32)
    at tryModuleLoad (internal/modules/cjs/loader.js:538:12)
    at Function.Module._load (internal/modules/cjs/loader.js:530:3)
    at Module.require (internal/modules/cjs/loader.js:637:17)
    at require (internal/modules/cjs/helpers.js:22:18)
    at Object.<anonymous> (/Users/hanbingbing/Desktop/sites/vue-blog/server/app.js:8:14)
    at Module._compile (internal/modules/cjs/loader.js:689:30)
    at Object.Module._extensions..js (internal/modules/cjs/loader.js:700:10)
    at Module.load (internal/modules/cjs/loader.js:599:32)
    at tryModuleLoad (internal/modules/cjs/loader.js:538:12)
    at Function.Module._load (internal/modules/cjs/loader.js:530:3)
    at Function.Module.runMain (internal/modules/cjs/loader.js:742:12)
    at startup (internal/bootstrap/node.js:283:19)
npm ERR! code ELIFECYCLE
npm ERR! errno 1
npm ERR! server@1.0.0 start: `cross-env NODE_ENV=production node app.js`
npm ERR! Exit status 1
npm ERR! 
npm ERR! Failed at the server@1.0.0 start script.
npm ERR! This is probably not a problem with npm. There is likely additional logging output above.

npm ERR! A complete log of this run can be found in:
npm ERR!     /Users/hanbingbing/.npm/_logs/2019-06-14T15_28_13_634Z-debug.log
/Users/hanbingbing/Desktop/sites/vue-blog/server/routes/user.js:4
router.get('/user', checkToekn, (req, res, next) => {
                    ^

ReferenceError: checkToekn is not defined
    at Object.<anonymous> (/Users/hanbingbing/Desktop/sites/vue-blog/server/routes/user.js:4:21)
    at Module._compile (internal/modules/cjs/loader.js:689:30)
    at Object.Module._extensions..js (internal/modules/cjs/loader.js:700:10)
    at Module.load (internal/modules/cjs/loader.js:599:32)
    at tryModuleLoad (internal/modules/cjs/loader.js:538:12)
    at Function.Module._load (internal/modules/cjs/loader.js:530:3)
    at Module.require (internal/modules/cjs/loader.js:637:17)
    at require (internal/modules/cjs/helpers.js:22:18)
    at Object.<anonymous> (/Users/hanbingbing/Desktop/sites/vue-blog/server/app.js:8:14)
    at Module._compile (internal/modules/cjs/loader.js:689:30)
    at Object.Module._extensions..js (internal/modules/cjs/loader.js:700:10)
    at Module.load (internal/modules/cjs/loader.js:599:32)
    at tryModuleLoad (internal/modules/cjs/loader.js:538:12)
    at Function.Module._load (internal/modules/cjs/loader.js:530:3)
    at Function.Module.runMain (internal/modules/cjs/loader.js:742:12)
    at startup (internal/bootstrap/node.js:283:19)
npm ERR! code ELIFECYCLE
npm ERR! errno 1
npm ERR! server@1.0.0 start: `cross-env NODE_ENV=production node app.js`
npm ERR! Exit status 1
npm ERR! 
npm ERR! Failed at the server@1.0.0 start script.
npm ERR! This is probably not a problem with npm. There is likely additional logging output above.

npm ERR! A complete log of this run can be found in:
npm ERR!     /Users/hanbingbing/.npm/_logs/2019-06-14T15_28_18_639Z-debug.log
/Users/hanbingbing/Desktop/sites/vue-blog/server/routes/user.js:4
router.get('/user', checkToekn, (req, res, next) => {
                    ^

ReferenceError: checkToekn is not defined
    at Object.<anonymous> (/Users/hanbingbing/Desktop/sites/vue-blog/server/routes/user.js:4:21)
    at Module._compile (internal/modules/cjs/loader.js:689:30)
    at Object.Module._extensions..js (internal/modules/cjs/loader.js:700:10)
    at Module.load (internal/modules/cjs/loader.js:599:32)
    at tryModuleLoad (internal/modules/cjs/loader.js:538:12)
    at Function.Module._load (internal/modules/cjs/loader.js:530:3)
    at Module.require (internal/modules/cjs/loader.js:637:17)
    at require (internal/modules/cjs/helpers.js:22:18)
    at Object.<anonymous> (/Users/hanbingbing/Desktop/sites/vue-blog/server/app.js:8:14)
    at Module._compile (internal/modules/cjs/loader.js:689:30)
    at Object.Module._extensions..js (internal/modules/cjs/loader.js:700:10)
    at Module.load (internal/modules/cjs/loader.js:599:32)
    at tryModuleLoad (internal/modules/cjs/loader.js:538:12)
    at Function.Module._load (internal/modules/cjs/loader.js:530:3)
    at Function.Module.runMain (internal/modules/cjs/loader.js:742:12)
    at startup (internal/bootstrap/node.js:283:19)
npm ERR! code ELIFECYCLE
npm ERR! errno 1
npm ERR! server@1.0.0 start: `cross-env NODE_ENV=production node app.js`
npm ERR! Exit status 1
npm ERR! 
npm ERR! Failed at the server@1.0.0 start script.
npm ERR! This is probably not a problem with npm. There is likely additional logging output above.

npm ERR! A complete log of this run can be found in:
npm ERR!     /Users/hanbingbing/.npm/_logs/2019-06-14T15_28_23_841Z-debug.log
/Users/hanbingbing/Desktop/sites/vue-blog/server/routes/user.js:4
router.get('/user', checkToekn, (req, res, next) => {
                    ^

ReferenceError: checkToekn is not defined
    at Object.<anonymous> (/Users/hanbingbing/Desktop/sites/vue-blog/server/routes/user.js:4:21)
    at Module._compile (internal/modules/cjs/loader.js:689:30)
    at Object.Module._extensions..js (internal/modules/cjs/loader.js:700:10)
    at Module.load (internal/modules/cjs/loader.js:599:32)
    at tryModuleLoad (internal/modules/cjs/loader.js:538:12)
    at Function.Module._load (internal/modules/cjs/loader.js:530:3)
    at Module.require (internal/modules/cjs/loader.js:637:17)
    at require (internal/modules/cjs/helpers.js:22:18)
    at Object.<anonymous> (/Users/hanbingbing/Desktop/sites/vue-blog/server/app.js:8:14)
    at Module._compile (internal/modules/cjs/loader.js:689:30)
    at Object.Module._extensions..js (internal/modules/cjs/loader.js:700:10)
    at Module.load (internal/modules/cjs/loader.js:599:32)
    at tryModuleLoad (internal/modules/cjs/loader.js:538:12)
    at Function.Module._load (internal/modules/cjs/loader.js:530:3)
    at Function.Module.runMain (internal/modules/cjs/loader.js:742:12)
    at startup (internal/bootstrap/node.js:283:19)
npm ERR! code ELIFECYCLE
npm ERR! errno 1
npm ERR! server@1.0.0 start: `cross-env NODE_ENV=production node app.js`
npm ERR! Exit status 1
npm ERR! 
npm ERR! Failed at the server@1.0.0 start script.
npm ERR! This is probably not a problem with npm. There is likely additional logging output above.

npm ERR! A complete log of this run can be found in:
npm ERR!     /Users/hanbingbing/.npm/_logs/2019-06-14T15_28_28_940Z-debug.log
/Users/hanbingbing/Desktop/sites/vue-blog/server/routes/user.js:4
router.get('/user', checkToekn, (req, res, next) => {
                    ^

ReferenceError: checkToekn is not defined
    at Object.<anonymous> (/Users/hanbingbing/Desktop/sites/vue-blog/server/routes/user.js:4:21)
    at Module._compile (internal/modules/cjs/loader.js:689:30)
    at Object.Module._extensions..js (internal/modules/cjs/loader.js:700:10)
    at Module.load (internal/modules/cjs/loader.js:599:32)
    at tryModuleLoad (internal/modules/cjs/loader.js:538:12)
    at Function.Module._load (internal/modules/cjs/loader.js:530:3)
    at Module.require (internal/modules/cjs/loader.js:637:17)
    at require (internal/modules/cjs/helpers.js:22:18)
    at Object.<anonymous> (/Users/hanbingbing/Desktop/sites/vue-blog/server/app.js:8:14)
    at Module._compile (internal/modules/cjs/loader.js:689:30)
    at Object.Module._extensions..js (internal/modules/cjs/loader.js:700:10)
    at Module.load (internal/modules/cjs/loader.js:599:32)
    at tryModuleLoad (internal/modules/cjs/loader.js:538:12)
    at Function.Module._load (internal/modules/cjs/loader.js:530:3)
    at Function.Module.runMain (internal/modules/cjs/loader.js:742:12)
    at startup (internal/bootstrap/node.js:283:19)
npm ERR! code ELIFECYCLE
npm ERR! errno 1
npm ERR! server@1.0.0 start: `cross-env NODE_ENV=production node app.js`
npm ERR! Exit status 1
npm ERR! 
npm ERR! Failed at the server@1.0.0 start script.
npm ERR! This is probably not a problem with npm. There is likely additional logging output above.

npm ERR! A complete log of this run can be found in:
npm ERR!     /Users/hanbingbing/.npm/_logs/2019-06-14T15_28_34_062Z-debug.log
/Users/hanbingbing/Desktop/sites/vue-blog/server/routes/user.js:4
router.get('/user', checkToekn, (req, res, next) => {
                    ^

ReferenceError: checkToekn is not defined
    at Object.<anonymous> (/Users/hanbingbing/Desktop/sites/vue-blog/server/routes/user.js:4:21)
    at Module._compile (internal/modules/cjs/loader.js:689:30)
    at Object.Module._extensions..js (internal/modules/cjs/loader.js:700:10)
    at Module.load (internal/modules/cjs/loader.js:599:32)
    at tryModuleLoad (internal/modules/cjs/loader.js:538:12)
    at Function.Module._load (internal/modules/cjs/loader.js:530:3)
    at Module.require (internal/modules/cjs/loader.js:637:17)
    at require (internal/modules/cjs/helpers.js:22:18)
    at Object.<anonymous> (/Users/hanbingbing/Desktop/sites/vue-blog/server/app.js:8:14)
    at Module._compile (internal/modules/cjs/loader.js:689:30)
    at Object.Module._extensions..js (internal/modules/cjs/loader.js:700:10)
    at Module.load (internal/modules/cjs/loader.js:599:32)
    at tryModuleLoad (internal/modules/cjs/loader.js:538:12)
    at Function.Module._load (internal/modules/cjs/loader.js:530:3)
    at Function.Module.runMain (internal/modules/cjs/loader.js:742:12)
    at startup (internal/bootstrap/node.js:283:19)
npm ERR! code ELIFECYCLE
npm ERR! errno 1
npm ERR! server@1.0.0 start: `cross-env NODE_ENV=production node app.js`
npm ERR! Exit status 1
npm ERR! 
npm ERR! Failed at the server@1.0.0 start script.
npm ERR! This is probably not a problem with npm. There is likely additional logging output above.

npm ERR! A complete log of this run can be found in:
npm ERR!     /Users/hanbingbing/.npm/_logs/2019-06-14T15_28_39_232Z-debug.log
/Users/hanbingbing/Desktop/sites/vue-blog/server/routes/user.js:4
router.get('/user', checkToekn, (req, res, next) => {
                    ^

ReferenceError: checkToekn is not defined
    at Object.<anonymous> (/Users/hanbingbing/Desktop/sites/vue-blog/server/routes/user.js:4:21)
    at Module._compile (internal/modules/cjs/loader.js:689:30)
    at Object.Module._extensions..js (internal/modules/cjs/loader.js:700:10)
    at Module.load (internal/modules/cjs/loader.js:599:32)
    at tryModuleLoad (internal/modules/cjs/loader.js:538:12)
    at Function.Module._load (internal/modules/cjs/loader.js:530:3)
    at Module.require (internal/modules/cjs/loader.js:637:17)
    at require (internal/modules/cjs/helpers.js:22:18)
    at Object.<anonymous> (/Users/hanbingbing/Desktop/sites/vue-blog/server/app.js:8:14)
    at Module._compile (internal/modules/cjs/loader.js:689:30)
    at Object.Module._extensions..js (internal/modules/cjs/loader.js:700:10)
    at Module.load (internal/modules/cjs/loader.js:599:32)
    at tryModuleLoad (internal/modules/cjs/loader.js:538:12)
    at Function.Module._load (internal/modules/cjs/loader.js:530:3)
    at Function.Module.runMain (internal/modules/cjs/loader.js:742:12)
    at startup (internal/bootstrap/node.js:283:19)
npm ERR! code ELIFECYCLE
npm ERR! errno 1
npm ERR! server@1.0.0 start: `cross-env NODE_ENV=production node app.js`
npm ERR! Exit status 1
npm ERR! 
npm ERR! Failed at the server@1.0.0 start script.
npm ERR! This is probably not a problem with npm. There is likely additional logging output above.

npm ERR! A complete log of this run can be found in:
npm ERR!     /Users/hanbingbing/.npm/_logs/2019-06-14T15_28_44_312Z-debug.log
/Users/hanbingbing/Desktop/sites/vue-blog/server/routes/user.js:4
router.get('/user', checkToekn, (req, res, next) => {
                    ^

ReferenceError: checkToekn is not defined
    at Object.<anonymous> (/Users/hanbingbing/Desktop/sites/vue-blog/server/routes/user.js:4:21)
    at Module._compile (internal/modules/cjs/loader.js:689:30)
    at Object.Module._extensions..js (internal/modules/cjs/loader.js:700:10)
    at Module.load (internal/modules/cjs/loader.js:599:32)
    at tryModuleLoad (internal/modules/cjs/loader.js:538:12)
    at Function.Module._load (internal/modules/cjs/loader.js:530:3)
    at Module.require (internal/modules/cjs/loader.js:637:17)
    at require (internal/modules/cjs/helpers.js:22:18)
    at Object.<anonymous> (/Users/hanbingbing/Desktop/sites/vue-blog/server/app.js:8:14)
    at Module._compile (internal/modules/cjs/loader.js:689:30)
    at Object.Module._extensions..js (internal/modules/cjs/loader.js:700:10)
    at Module.load (internal/modules/cjs/loader.js:599:32)
    at tryModuleLoad (internal/modules/cjs/loader.js:538:12)
    at Function.Module._load (internal/modules/cjs/loader.js:530:3)
    at Function.Module.runMain (internal/modules/cjs/loader.js:742:12)
    at startup (internal/bootstrap/node.js:283:19)
npm ERR! code ELIFECYCLE
npm ERR! errno 1
npm ERR! server@1.0.0 start: `cross-env NODE_ENV=production node app.js`
npm ERR! Exit status 1
npm ERR! 
npm ERR! Failed at the server@1.0.0 start script.
npm ERR! This is probably not a problem with npm. There is likely additional logging output above.

npm ERR! A complete log of this run can be found in:
npm ERR!     /Users/hanbingbing/.npm/_logs/2019-06-14T15_28_49_506Z-debug.log
/Users/hanbingbing/Desktop/sites/vue-blog/server/routes/user.js:4
router.get('/user', checkToekn, (req, res, next) => {
                    ^

ReferenceError: checkToekn is not defined
    at Object.<anonymous> (/Users/hanbingbing/Desktop/sites/vue-blog/server/routes/user.js:4:21)
    at Module._compile (internal/modules/cjs/loader.js:689:30)
    at Object.Module._extensions..js (internal/modules/cjs/loader.js:700:10)
    at Module.load (internal/modules/cjs/loader.js:599:32)
    at tryModuleLoad (internal/modules/cjs/loader.js:538:12)
    at Function.Module._load (internal/modules/cjs/loader.js:530:3)
    at Module.require (internal/modules/cjs/loader.js:637:17)
    at require (internal/modules/cjs/helpers.js:22:18)
    at Object.<anonymous> (/Users/hanbingbing/Desktop/sites/vue-blog/server/app.js:8:14)
    at Module._compile (internal/modules/cjs/loader.js:689:30)
    at Object.Module._extensions..js (internal/modules/cjs/loader.js:700:10)
    at Module.load (internal/modules/cjs/loader.js:599:32)
    at tryModuleLoad (internal/modules/cjs/loader.js:538:12)
    at Function.Module._load (internal/modules/cjs/loader.js:530:3)
    at Function.Module.runMain (internal/modules/cjs/loader.js:742:12)
    at startup (internal/bootstrap/node.js:283:19)
npm ERR! code ELIFECYCLE
npm ERR! errno 1
npm ERR! server@1.0.0 start: `cross-env NODE_ENV=production node app.js`
npm ERR! Exit status 1
npm ERR! 
npm ERR! Failed at the server@1.0.0 start script.
npm ERR! This is probably not a problem with npm. There is likely additional logging output above.

npm ERR! A complete log of this run can be found in:
npm ERR!     /Users/hanbingbing/.npm/_logs/2019-06-14T15_28_54_604Z-debug.log
/Users/hanbingbing/Desktop/sites/vue-blog/server/routes/user.js:4
router.get('/user', checkToekn, (req, res, next) => {
                    ^

ReferenceError: checkToekn is not defined
    at Object.<anonymous> (/Users/hanbingbing/Desktop/sites/vue-blog/server/routes/user.js:4:21)
    at Module._compile (internal/modules/cjs/loader.js:689:30)
    at Object.Module._extensions..js (internal/modules/cjs/loader.js:700:10)
    at Module.load (internal/modules/cjs/loader.js:599:32)
    at tryModuleLoad (internal/modules/cjs/loader.js:538:12)
    at Function.Module._load (internal/modules/cjs/loader.js:530:3)
    at Module.require (internal/modules/cjs/loader.js:637:17)
    at require (internal/modules/cjs/helpers.js:22:18)
    at Object.<anonymous> (/Users/hanbingbing/Desktop/sites/vue-blog/server/app.js:8:14)
    at Module._compile (internal/modules/cjs/loader.js:689:30)
    at Object.Module._extensions..js (internal/modules/cjs/loader.js:700:10)
    at Module.load (internal/modules/cjs/loader.js:599:32)
    at tryModuleLoad (internal/modules/cjs/loader.js:538:12)
    at Function.Module._load (internal/modules/cjs/loader.js:530:3)
    at Function.Module.runMain (internal/modules/cjs/loader.js:742:12)
    at startup (internal/bootstrap/node.js:283:19)
npm ERR! code ELIFECYCLE
npm ERR! errno 1
npm ERR! server@1.0.0 start: `cross-env NODE_ENV=production node app.js`
npm ERR! Exit status 1
npm ERR! 
npm ERR! Failed at the server@1.0.0 start script.
npm ERR! This is probably not a problem with npm. There is likely additional logging output above.

npm ERR! A complete log of this run can be found in:
npm ERR!     /Users/hanbingbing/.npm/_logs/2019-06-14T15_28_59_762Z-debug.log
/Users/hanbingbing/Desktop/sites/vue-blog/server/routes/user.js:4
router.get('/user', checkToekn, (req, res, next) => {
                    ^

ReferenceError: checkToekn is not defined
    at Object.<anonymous> (/Users/hanbingbing/Desktop/sites/vue-blog/server/routes/user.js:4:21)
    at Module._compile (internal/modules/cjs/loader.js:689:30)
    at Object.Module._extensions..js (internal/modules/cjs/loader.js:700:10)
    at Module.load (internal/modules/cjs/loader.js:599:32)
    at tryModuleLoad (internal/modules/cjs/loader.js:538:12)
    at Function.Module._load (internal/modules/cjs/loader.js:530:3)
    at Module.require (internal/modules/cjs/loader.js:637:17)
    at require (internal/modules/cjs/helpers.js:22:18)
    at Object.<anonymous> (/Users/hanbingbing/Desktop/sites/vue-blog/server/app.js:8:14)
    at Module._compile (internal/modules/cjs/loader.js:689:30)
    at Object.Module._extensions..js (internal/modules/cjs/loader.js:700:10)
    at Module.load (internal/modules/cjs/loader.js:599:32)
    at tryModuleLoad (internal/modules/cjs/loader.js:538:12)
    at Function.Module._load (internal/modules/cjs/loader.js:530:3)
    at Function.Module.runMain (internal/modules/cjs/loader.js:742:12)
    at startup (internal/bootstrap/node.js:283:19)
npm ERR! code ELIFECYCLE
npm ERR! errno 1
npm ERR! server@1.0.0 start: `cross-env NODE_ENV=production node app.js`
npm ERR! Exit status 1
npm ERR! 
npm ERR! Failed at the server@1.0.0 start script.
npm ERR! This is probably not a problem with npm. There is likely additional logging output above.

npm ERR! A complete log of this run can be found in:
npm ERR!     /Users/hanbingbing/.npm/_logs/2019-06-14T15_29_04_880Z-debug.log
/Users/hanbingbing/Desktop/sites/vue-blog/server/routes/user.js:4
router.get('/user', checkToekn, (req, res, next) => {
                    ^

ReferenceError: checkToekn is not defined
    at Object.<anonymous> (/Users/hanbingbing/Desktop/sites/vue-blog/server/routes/user.js:4:21)
    at Module._compile (internal/modules/cjs/loader.js:689:30)
    at Object.Module._extensions..js (internal/modules/cjs/loader.js:700:10)
    at Module.load (internal/modules/cjs/loader.js:599:32)
    at tryModuleLoad (internal/modules/cjs/loader.js:538:12)
    at Function.Module._load (internal/modules/cjs/loader.js:530:3)
    at Module.require (internal/modules/cjs/loader.js:637:17)
    at require (internal/modules/cjs/helpers.js:22:18)
    at Object.<anonymous> (/Users/hanbingbing/Desktop/sites/vue-blog/server/app.js:8:14)
    at Module._compile (internal/modules/cjs/loader.js:689:30)
    at Object.Module._extensions..js (internal/modules/cjs/loader.js:700:10)
    at Module.load (internal/modules/cjs/loader.js:599:32)
    at tryModuleLoad (internal/modules/cjs/loader.js:538:12)
    at Function.Module._load (internal/modules/cjs/loader.js:530:3)
    at Function.Module.runMain (internal/modules/cjs/loader.js:742:12)
    at startup (internal/bootstrap/node.js:283:19)
npm ERR! code ELIFECYCLE
npm ERR! errno 1
npm ERR! server@1.0.0 start: `cross-env NODE_ENV=production node app.js`
npm ERR! Exit status 1
npm ERR! 
npm ERR! Failed at the server@1.0.0 start script.
npm ERR! This is probably not a problem with npm. There is likely additional logging output above.

npm ERR! A complete log of this run can be found in:
npm ERR!     /Users/hanbingbing/.npm/_logs/2019-06-14T15_29_10_042Z-debug.log
/Users/hanbingbing/Desktop/sites/vue-blog/server/routes/user.js:4
router.get('/user', checkToekn, (req, res, next) => {
                    ^

ReferenceError: checkToekn is not defined
    at Object.<anonymous> (/Users/hanbingbing/Desktop/sites/vue-blog/server/routes/user.js:4:21)
    at Module._compile (internal/modules/cjs/loader.js:689:30)
    at Object.Module._extensions..js (internal/modules/cjs/loader.js:700:10)
    at Module.load (internal/modules/cjs/loader.js:599:32)
    at tryModuleLoad (internal/modules/cjs/loader.js:538:12)
    at Function.Module._load (internal/modules/cjs/loader.js:530:3)
    at Module.require (internal/modules/cjs/loader.js:637:17)
    at require (internal/modules/cjs/helpers.js:22:18)
    at Object.<anonymous> (/Users/hanbingbing/Desktop/sites/vue-blog/server/app.js:8:14)
    at Module._compile (internal/modules/cjs/loader.js:689:30)
    at Object.Module._extensions..js (internal/modules/cjs/loader.js:700:10)
    at Module.load (internal/modules/cjs/loader.js:599:32)
    at tryModuleLoad (internal/modules/cjs/loader.js:538:12)
    at Function.Module._load (internal/modules/cjs/loader.js:530:3)
    at Function.Module.runMain (internal/modules/cjs/loader.js:742:12)
    at startup (internal/bootstrap/node.js:283:19)
npm ERR! code ELIFECYCLE
npm ERR! errno 1
npm ERR! server@1.0.0 start: `cross-env NODE_ENV=production node app.js`
npm ERR! Exit status 1
npm ERR! 
npm ERR! Failed at the server@1.0.0 start script.
npm ERR! This is probably not a problem with npm. There is likely additional logging output above.

npm ERR! A complete log of this run can be found in:
npm ERR!     /Users/hanbingbing/.npm/_logs/2019-06-14T15_29_15_191Z-debug.log
/Users/hanbingbing/Desktop/sites/vue-blog/server/routes/user.js:4
router.get('/user', checkToekn, (req, res, next) => {
                    ^

ReferenceError: checkToekn is not defined
    at Object.<anonymous> (/Users/hanbingbing/Desktop/sites/vue-blog/server/routes/user.js:4:21)
    at Module._compile (internal/modules/cjs/loader.js:689:30)
    at Object.Module._extensions..js (internal/modules/cjs/loader.js:700:10)
    at Module.load (internal/modules/cjs/loader.js:599:32)
    at tryModuleLoad (internal/modules/cjs/loader.js:538:12)
    at Function.Module._load (internal/modules/cjs/loader.js:530:3)
    at Module.require (internal/modules/cjs/loader.js:637:17)
    at require (internal/modules/cjs/helpers.js:22:18)
    at Object.<anonymous> (/Users/hanbingbing/Desktop/sites/vue-blog/server/app.js:8:14)
    at Module._compile (internal/modules/cjs/loader.js:689:30)
    at Object.Module._extensions..js (internal/modules/cjs/loader.js:700:10)
    at Module.load (internal/modules/cjs/loader.js:599:32)
    at tryModuleLoad (internal/modules/cjs/loader.js:538:12)
    at Function.Module._load (internal/modules/cjs/loader.js:530:3)
    at Function.Module.runMain (internal/modules/cjs/loader.js:742:12)
    at startup (internal/bootstrap/node.js:283:19)
npm ERR! code ELIFECYCLE
npm ERR! errno 1
npm ERR! server@1.0.0 start: `cross-env NODE_ENV=production node app.js`
npm ERR! Exit status 1
npm ERR! 
npm ERR! Failed at the server@1.0.0 start script.
npm ERR! This is probably not a problem with npm. There is likely additional logging output above.

npm ERR! A complete log of this run can be found in:
npm ERR!     /Users/hanbingbing/.npm/_logs/2019-06-14T15_29_20_344Z-debug.log
/Users/hanbingbing/Desktop/sites/vue-blog/server/routes/user.js:4
router.get('/user', checkToekn, (req, res, next) => {
                    ^

ReferenceError: checkToekn is not defined
    at Object.<anonymous> (/Users/hanbingbing/Desktop/sites/vue-blog/server/routes/user.js:4:21)
    at Module._compile (internal/modules/cjs/loader.js:689:30)
    at Object.Module._extensions..js (internal/modules/cjs/loader.js:700:10)
    at Module.load (internal/modules/cjs/loader.js:599:32)
    at tryModuleLoad (internal/modules/cjs/loader.js:538:12)
    at Function.Module._load (internal/modules/cjs/loader.js:530:3)
    at Module.require (internal/modules/cjs/loader.js:637:17)
    at require (internal/modules/cjs/helpers.js:22:18)
    at Object.<anonymous> (/Users/hanbingbing/Desktop/sites/vue-blog/server/app.js:8:14)
    at Module._compile (internal/modules/cjs/loader.js:689:30)
    at Object.Module._extensions..js (internal/modules/cjs/loader.js:700:10)
    at Module.load (internal/modules/cjs/loader.js:599:32)
    at tryModuleLoad (internal/modules/cjs/loader.js:538:12)
    at Function.Module._load (internal/modules/cjs/loader.js:530:3)
    at Function.Module.runMain (internal/modules/cjs/loader.js:742:12)
    at startup (internal/bootstrap/node.js:283:19)
npm ERR! code ELIFECYCLE
npm ERR! errno 1
npm ERR! server@1.0.0 start: `cross-env NODE_ENV=production node app.js`
npm ERR! Exit status 1
npm ERR! 
npm ERR! Failed at the server@1.0.0 start script.
npm ERR! This is probably not a problem with npm. There is likely additional logging output above.

npm ERR! A complete log of this run can be found in:
npm ERR!     /Users/hanbingbing/.npm/_logs/2019-06-14T15_29_25_450Z-debug.log
Error: secretOrPrivateKey must have a value
    at Object.module.exports [as sign] (/Users/hanbingbing/Desktop/sites/vue-blog/node_modules/_jsonwebtoken@8.5.1@jsonwebtoken/sign.js:107:20)
    at createToken (/Users/hanbingbing/Desktop/sites/vue-blog/server/utils/token.js:5:23)
    at api.getUserLogin.then.response (/Users/hanbingbing/Desktop/sites/vue-blog/server/routes/login.js:21:25)
    at tryCatcher (/Users/hanbingbing/Desktop/sites/vue-blog/server/node_modules/_bluebird@3.5.5@bluebird/js/release/util.js:16:23)
    at Promise._settlePromiseFromHandler (/Users/hanbingbing/Desktop/sites/vue-blog/server/node_modules/_bluebird@3.5.5@bluebird/js/release/promise.js:517:31)
    at Promise._settlePromise (/Users/hanbingbing/Desktop/sites/vue-blog/server/node_modules/_bluebird@3.5.5@bluebird/js/release/promise.js:574:18)
    at Promise._settlePromise0 (/Users/hanbingbing/Desktop/sites/vue-blog/server/node_modules/_bluebird@3.5.5@bluebird/js/release/promise.js:619:10)
    at Promise._settlePromises (/Users/hanbingbing/Desktop/sites/vue-blog/server/node_modules/_bluebird@3.5.5@bluebird/js/release/promise.js:699:18)
    at _drainQueueStep (/Users/hanbingbing/Desktop/sites/vue-blog/server/node_modules/_bluebird@3.5.5@bluebird/js/release/async.js:138:12)
    at _drainQueue (/Users/hanbingbing/Desktop/sites/vue-blog/server/node_modules/_bluebird@3.5.5@bluebird/js/release/async.js:131:9)
    at Async._drainQueues (/Users/hanbingbing/Desktop/sites/vue-blog/server/node_modules/_bluebird@3.5.5@bluebird/js/release/async.js:147:5)
    at Immediate.Async.drainQueues [as _onImmediate] (/Users/hanbingbing/Desktop/sites/vue-blog/server/node_modules/_bluebird@3.5.5@bluebird/js/release/async.js:17:14)
    at runCallback (timers.js:705:18)
    at tryOnImmediate (timers.js:676:5)
    at processImmediate (timers.js:658:5)
Error: secretOrPrivateKey must have a value
    at Object.module.exports [as sign] (/Users/hanbingbing/Desktop/sites/vue-blog/node_modules/_jsonwebtoken@8.5.1@jsonwebtoken/sign.js:107:20)
    at module.exports (/Users/hanbingbing/Desktop/sites/vue-blog/server/utils/createToken.js:5:23)
    at api.getUserLogin.then.response (/Users/hanbingbing/Desktop/sites/vue-blog/server/routes/login.js:21:25)
    at tryCatcher (/Users/hanbingbing/Desktop/sites/vue-blog/server/node_modules/_bluebird@3.5.5@bluebird/js/release/util.js:16:23)
    at Promise._settlePromiseFromHandler (/Users/hanbingbing/Desktop/sites/vue-blog/server/node_modules/_bluebird@3.5.5@bluebird/js/release/promise.js:517:31)
    at Promise._settlePromise (/Users/hanbingbing/Desktop/sites/vue-blog/server/node_modules/_bluebird@3.5.5@bluebird/js/release/promise.js:574:18)
    at Promise._settlePromise0 (/Users/hanbingbing/Desktop/sites/vue-blog/server/node_modules/_bluebird@3.5.5@bluebird/js/release/promise.js:619:10)
    at Promise._settlePromises (/Users/hanbingbing/Desktop/sites/vue-blog/server/node_modules/_bluebird@3.5.5@bluebird/js/release/promise.js:699:18)
    at _drainQueueStep (/Users/hanbingbing/Desktop/sites/vue-blog/server/node_modules/_bluebird@3.5.5@bluebird/js/release/async.js:138:12)
    at _drainQueue (/Users/hanbingbing/Desktop/sites/vue-blog/server/node_modules/_bluebird@3.5.5@bluebird/js/release/async.js:131:9)
    at Async._drainQueues (/Users/hanbingbing/Desktop/sites/vue-blog/server/node_modules/_bluebird@3.5.5@bluebird/js/release/async.js:147:5)
    at Immediate.Async.drainQueues [as _onImmediate] (/Users/hanbingbing/Desktop/sites/vue-blog/server/node_modules/_bluebird@3.5.5@bluebird/js/release/async.js:17:14)
    at runCallback (timers.js:705:18)
    at tryOnImmediate (timers.js:676:5)
    at processImmediate (timers.js:658:5)
Error: secretOrPrivateKey must have a value
    at Object.module.exports [as sign] (/Users/hanbingbing/Desktop/sites/vue-blog/server/node_modules/_jsonwebtoken@8.5.1@jsonwebtoken/sign.js:107:20)
    at module.exports (/Users/hanbingbing/Desktop/sites/vue-blog/server/utils/createToken.js:5:23)
    at api.getUserLogin.then.response (/Users/hanbingbing/Desktop/sites/vue-blog/server/routes/login.js:21:25)
    at tryCatcher (/Users/hanbingbing/Desktop/sites/vue-blog/server/node_modules/_bluebird@3.5.5@bluebird/js/release/util.js:16:23)
    at Promise._settlePromiseFromHandler (/Users/hanbingbing/Desktop/sites/vue-blog/server/node_modules/_bluebird@3.5.5@bluebird/js/release/promise.js:517:31)
    at Promise._settlePromise (/Users/hanbingbing/Desktop/sites/vue-blog/server/node_modules/_bluebird@3.5.5@bluebird/js/release/promise.js:574:18)
    at Promise._settlePromise0 (/Users/hanbingbing/Desktop/sites/vue-blog/server/node_modules/_bluebird@3.5.5@bluebird/js/release/promise.js:619:10)
    at Promise._settlePromises (/Users/hanbingbing/Desktop/sites/vue-blog/server/node_modules/_bluebird@3.5.5@bluebird/js/release/promise.js:699:18)
    at _drainQueueStep (/Users/hanbingbing/Desktop/sites/vue-blog/server/node_modules/_bluebird@3.5.5@bluebird/js/release/async.js:138:12)
    at _drainQueue (/Users/hanbingbing/Desktop/sites/vue-blog/server/node_modules/_bluebird@3.5.5@bluebird/js/release/async.js:131:9)
    at Async._drainQueues (/Users/hanbingbing/Desktop/sites/vue-blog/server/node_modules/_bluebird@3.5.5@bluebird/js/release/async.js:147:5)
    at Immediate.Async.drainQueues [as _onImmediate] (/Users/hanbingbing/Desktop/sites/vue-blog/server/node_modules/_bluebird@3.5.5@bluebird/js/release/async.js:17:14)
    at runCallback (timers.js:705:18)
    at tryOnImmediate (timers.js:676:5)
    at processImmediate (timers.js:658:5)
Error: secretOrPrivateKey must have a value
    at Object.module.exports [as sign] (/Users/hanbingbing/Desktop/sites/vue-blog/server/node_modules/_jsonwebtoken@8.5.1@jsonwebtoken/sign.js:107:20)
    at module.exports (/Users/hanbingbing/Desktop/sites/vue-blog/server/utils/createToken.js:6:23)
    at api.getUserLogin.then.response (/Users/hanbingbing/Desktop/sites/vue-blog/server/routes/login.js:21:25)
    at tryCatcher (/Users/hanbingbing/Desktop/sites/vue-blog/server/node_modules/_bluebird@3.5.5@bluebird/js/release/util.js:16:23)
    at Promise._settlePromiseFromHandler (/Users/hanbingbing/Desktop/sites/vue-blog/server/node_modules/_bluebird@3.5.5@bluebird/js/release/promise.js:517:31)
    at Promise._settlePromise (/Users/hanbingbing/Desktop/sites/vue-blog/server/node_modules/_bluebird@3.5.5@bluebird/js/release/promise.js:574:18)
    at Promise._settlePromise0 (/Users/hanbingbing/Desktop/sites/vue-blog/server/node_modules/_bluebird@3.5.5@bluebird/js/release/promise.js:619:10)
    at Promise._settlePromises (/Users/hanbingbing/Desktop/sites/vue-blog/server/node_modules/_bluebird@3.5.5@bluebird/js/release/promise.js:699:18)
    at _drainQueueStep (/Users/hanbingbing/Desktop/sites/vue-blog/server/node_modules/_bluebird@3.5.5@bluebird/js/release/async.js:138:12)
    at _drainQueue (/Users/hanbingbing/Desktop/sites/vue-blog/server/node_modules/_bluebird@3.5.5@bluebird/js/release/async.js:131:9)
    at Async._drainQueues (/Users/hanbingbing/Desktop/sites/vue-blog/server/node_modules/_bluebird@3.5.5@bluebird/js/release/async.js:147:5)
    at Immediate.Async.drainQueues [as _onImmediate] (/Users/hanbingbing/Desktop/sites/vue-blog/server/node_modules/_bluebird@3.5.5@bluebird/js/release/async.js:17:14)
    at runCallback (timers.js:705:18)
    at tryOnImmediate (timers.js:676:5)
    at processImmediate (timers.js:658:5)
/Users/hanbingbing/Desktop/sites/vue-blog/server/routes/login.js:1
(function (exports, require, module, __filename, __dirname) { require('dotenv').load();
                                                                                ^

TypeError: require(...).load is not a function
    at Object.<anonymous> (/Users/hanbingbing/Desktop/sites/vue-blog/server/routes/login.js:1:81)
    at Module._compile (internal/modules/cjs/loader.js:689:30)
    at Object.Module._extensions..js (internal/modules/cjs/loader.js:700:10)
    at Module.load (internal/modules/cjs/loader.js:599:32)
    at tryModuleLoad (internal/modules/cjs/loader.js:538:12)
    at Function.Module._load (internal/modules/cjs/loader.js:530:3)
    at Module.require (internal/modules/cjs/loader.js:637:17)
    at require (internal/modules/cjs/helpers.js:22:18)
    at Object.<anonymous> (/Users/hanbingbing/Desktop/sites/vue-blog/server/app.js:7:15)
    at Module._compile (internal/modules/cjs/loader.js:689:30)
    at Object.Module._extensions..js (internal/modules/cjs/loader.js:700:10)
    at Module.load (internal/modules/cjs/loader.js:599:32)
    at tryModuleLoad (internal/modules/cjs/loader.js:538:12)
    at Function.Module._load (internal/modules/cjs/loader.js:530:3)
    at Function.Module.runMain (internal/modules/cjs/loader.js:742:12)
    at startup (internal/bootstrap/node.js:283:19)
npm ERR! code ELIFECYCLE
npm ERR! errno 1
npm ERR! server@1.0.0 start: `cross-env NODE_ENV=production node app.js`
npm ERR! Exit status 1
npm ERR! 
npm ERR! Failed at the server@1.0.0 start script.
npm ERR! This is probably not a problem with npm. There is likely additional logging output above.

npm ERR! A complete log of this run can be found in:
npm ERR!     /Users/hanbingbing/.npm/_logs/2019-06-14T15_50_41_344Z-debug.log
/Users/hanbingbing/Desktop/sites/vue-blog/server/routes/login.js:1
(function (exports, require, module, __filename, __dirname) { require('dotenv').load();
                                                                                ^

TypeError: require(...).load is not a function
    at Object.<anonymous> (/Users/hanbingbing/Desktop/sites/vue-blog/server/routes/login.js:1:81)
    at Module._compile (internal/modules/cjs/loader.js:689:30)
    at Object.Module._extensions..js (internal/modules/cjs/loader.js:700:10)
    at Module.load (internal/modules/cjs/loader.js:599:32)
    at tryModuleLoad (internal/modules/cjs/loader.js:538:12)
    at Function.Module._load (internal/modules/cjs/loader.js:530:3)
    at Module.require (internal/modules/cjs/loader.js:637:17)
    at require (internal/modules/cjs/helpers.js:22:18)
    at Object.<anonymous> (/Users/hanbingbing/Desktop/sites/vue-blog/server/app.js:7:15)
    at Module._compile (internal/modules/cjs/loader.js:689:30)
    at Object.Module._extensions..js (internal/modules/cjs/loader.js:700:10)
    at Module.load (internal/modules/cjs/loader.js:599:32)
    at tryModuleLoad (internal/modules/cjs/loader.js:538:12)
    at Function.Module._load (internal/modules/cjs/loader.js:530:3)
    at Function.Module.runMain (internal/modules/cjs/loader.js:742:12)
    at startup (internal/bootstrap/node.js:283:19)
npm ERR! code ELIFECYCLE
npm ERR! errno 1
npm ERR! server@1.0.0 start: `cross-env NODE_ENV=production node app.js`
npm ERR! Exit status 1
npm ERR! 
npm ERR! Failed at the server@1.0.0 start script.
npm ERR! This is probably not a problem with npm. There is likely additional logging output above.

npm ERR! A complete log of this run can be found in:
npm ERR!     /Users/hanbingbing/.npm/_logs/2019-06-14T15_50_46_064Z-debug.log
/Users/hanbingbing/Desktop/sites/vue-blog/server/routes/login.js:1
(function (exports, require, module, __filename, __dirname) { require('dotenv').load();
                                                                                ^

TypeError: require(...).load is not a function
    at Object.<anonymous> (/Users/hanbingbing/Desktop/sites/vue-blog/server/routes/login.js:1:81)
    at Module._compile (internal/modules/cjs/loader.js:689:30)
    at Object.Module._extensions..js (internal/modules/cjs/loader.js:700:10)
    at Module.load (internal/modules/cjs/loader.js:599:32)
    at tryModuleLoad (internal/modules/cjs/loader.js:538:12)
    at Function.Module._load (internal/modules/cjs/loader.js:530:3)
    at Module.require (internal/modules/cjs/loader.js:637:17)
    at require (internal/modules/cjs/helpers.js:22:18)
    at Object.<anonymous> (/Users/hanbingbing/Desktop/sites/vue-blog/server/app.js:7:15)
    at Module._compile (internal/modules/cjs/loader.js:689:30)
    at Object.Module._extensions..js (internal/modules/cjs/loader.js:700:10)
    at Module.load (internal/modules/cjs/loader.js:599:32)
    at tryModuleLoad (internal/modules/cjs/loader.js:538:12)
    at Function.Module._load (internal/modules/cjs/loader.js:530:3)
    at Function.Module.runMain (internal/modules/cjs/loader.js:742:12)
    at startup (internal/bootstrap/node.js:283:19)
npm ERR! code ELIFECYCLE
npm ERR! errno 1
npm ERR! server@1.0.0 start: `cross-env NODE_ENV=production node app.js`
npm ERR! Exit status 1
npm ERR! 
npm ERR! Failed at the server@1.0.0 start script.
npm ERR! This is probably not a problem with npm. There is likely additional logging output above.

npm ERR! A complete log of this run can be found in:
npm ERR!     /Users/hanbingbing/.npm/_logs/2019-06-14T15_50_51_109Z-debug.log
/Users/hanbingbing/Desktop/sites/vue-blog/server/routes/login.js:1
(function (exports, require, module, __filename, __dirname) { require('dotenv').load();
                                                                                ^

TypeError: require(...).load is not a function
    at Object.<anonymous> (/Users/hanbingbing/Desktop/sites/vue-blog/server/routes/login.js:1:81)
    at Module._compile (internal/modules/cjs/loader.js:689:30)
    at Object.Module._extensions..js (internal/modules/cjs/loader.js:700:10)
    at Module.load (internal/modules/cjs/loader.js:599:32)
    at tryModuleLoad (internal/modules/cjs/loader.js:538:12)
    at Function.Module._load (internal/modules/cjs/loader.js:530:3)
    at Module.require (internal/modules/cjs/loader.js:637:17)
    at require (internal/modules/cjs/helpers.js:22:18)
    at Object.<anonymous> (/Users/hanbingbing/Desktop/sites/vue-blog/server/app.js:7:15)
    at Module._compile (internal/modules/cjs/loader.js:689:30)
    at Object.Module._extensions..js (internal/modules/cjs/loader.js:700:10)
    at Module.load (internal/modules/cjs/loader.js:599:32)
    at tryModuleLoad (internal/modules/cjs/loader.js:538:12)
    at Function.Module._load (internal/modules/cjs/loader.js:530:3)
    at Function.Module.runMain (internal/modules/cjs/loader.js:742:12)
    at startup (internal/bootstrap/node.js:283:19)
npm ERR! code ELIFECYCLE
npm ERR! errno 1
npm ERR! server@1.0.0 start: `cross-env NODE_ENV=production node app.js`
npm ERR! Exit status 1
npm ERR! 
npm ERR! Failed at the server@1.0.0 start script.
npm ERR! This is probably not a problem with npm. There is likely additional logging output above.

npm ERR! A complete log of this run can be found in:
npm ERR!     /Users/hanbingbing/.npm/_logs/2019-06-14T15_50_56_227Z-debug.log
/Users/hanbingbing/Desktop/sites/vue-blog/server/routes/login.js:1
(function (exports, require, module, __filename, __dirname) { require('dotenv').load();
                                                                                ^

TypeError: require(...).load is not a function
    at Object.<anonymous> (/Users/hanbingbing/Desktop/sites/vue-blog/server/routes/login.js:1:81)
    at Module._compile (internal/modules/cjs/loader.js:689:30)
    at Object.Module._extensions..js (internal/modules/cjs/loader.js:700:10)
    at Module.load (internal/modules/cjs/loader.js:599:32)
    at tryModuleLoad (internal/modules/cjs/loader.js:538:12)
    at Function.Module._load (internal/modules/cjs/loader.js:530:3)
    at Module.require (internal/modules/cjs/loader.js:637:17)
    at require (internal/modules/cjs/helpers.js:22:18)
    at Object.<anonymous> (/Users/hanbingbing/Desktop/sites/vue-blog/server/app.js:7:15)
    at Module._compile (internal/modules/cjs/loader.js:689:30)
    at Object.Module._extensions..js (internal/modules/cjs/loader.js:700:10)
    at Module.load (internal/modules/cjs/loader.js:599:32)
    at tryModuleLoad (internal/modules/cjs/loader.js:538:12)
    at Function.Module._load (internal/modules/cjs/loader.js:530:3)
    at Function.Module.runMain (internal/modules/cjs/loader.js:742:12)
    at startup (internal/bootstrap/node.js:283:19)
npm ERR! code ELIFECYCLE
npm ERR! errno 1
npm ERR! server@1.0.0 start: `cross-env NODE_ENV=production node app.js`
npm ERR! Exit status 1
npm ERR! 
npm ERR! Failed at the server@1.0.0 start script.
npm ERR! This is probably not a problem with npm. There is likely additional logging output above.

npm ERR! A complete log of this run can be found in:
npm ERR!     /Users/hanbingbing/.npm/_logs/2019-06-14T15_51_01_377Z-debug.log
/Users/hanbingbing/Desktop/sites/vue-blog/server/routes/login.js:1
(function (exports, require, module, __filename, __dirname) { require('dotenv').load();
                                                                                ^

TypeError: require(...).load is not a function
    at Object.<anonymous> (/Users/hanbingbing/Desktop/sites/vue-blog/server/routes/login.js:1:81)
    at Module._compile (internal/modules/cjs/loader.js:689:30)
    at Object.Module._extensions..js (internal/modules/cjs/loader.js:700:10)
    at Module.load (internal/modules/cjs/loader.js:599:32)
    at tryModuleLoad (internal/modules/cjs/loader.js:538:12)
    at Function.Module._load (internal/modules/cjs/loader.js:530:3)
    at Module.require (internal/modules/cjs/loader.js:637:17)
    at require (internal/modules/cjs/helpers.js:22:18)
    at Object.<anonymous> (/Users/hanbingbing/Desktop/sites/vue-blog/server/app.js:7:15)
    at Module._compile (internal/modules/cjs/loader.js:689:30)
    at Object.Module._extensions..js (internal/modules/cjs/loader.js:700:10)
    at Module.load (internal/modules/cjs/loader.js:599:32)
    at tryModuleLoad (internal/modules/cjs/loader.js:538:12)
    at Function.Module._load (internal/modules/cjs/loader.js:530:3)
    at Function.Module.runMain (internal/modules/cjs/loader.js:742:12)
    at startup (internal/bootstrap/node.js:283:19)
npm ERR! code ELIFECYCLE
npm ERR! errno 1
npm ERR! server@1.0.0 start: `cross-env NODE_ENV=production node app.js`
npm ERR! Exit status 1
npm ERR! 
npm ERR! Failed at the server@1.0.0 start script.
npm ERR! This is probably not a problem with npm. There is likely additional logging output above.

npm ERR! A complete log of this run can be found in:
npm ERR!     /Users/hanbingbing/.npm/_logs/2019-06-14T15_51_06_485Z-debug.log
/Users/hanbingbing/Desktop/sites/vue-blog/server/routes/login.js:1
(function (exports, require, module, __filename, __dirname) { require('dotenv').load();
                                                                                ^

TypeError: require(...).load is not a function
    at Object.<anonymous> (/Users/hanbingbing/Desktop/sites/vue-blog/server/routes/login.js:1:81)
    at Module._compile (internal/modules/cjs/loader.js:689:30)
    at Object.Module._extensions..js (internal/modules/cjs/loader.js:700:10)
    at Module.load (internal/modules/cjs/loader.js:599:32)
    at tryModuleLoad (internal/modules/cjs/loader.js:538:12)
    at Function.Module._load (internal/modules/cjs/loader.js:530:3)
    at Module.require (internal/modules/cjs/loader.js:637:17)
    at require (internal/modules/cjs/helpers.js:22:18)
    at Object.<anonymous> (/Users/hanbingbing/Desktop/sites/vue-blog/server/app.js:7:15)
    at Module._compile (internal/modules/cjs/loader.js:689:30)
    at Object.Module._extensions..js (internal/modules/cjs/loader.js:700:10)
    at Module.load (internal/modules/cjs/loader.js:599:32)
    at tryModuleLoad (internal/modules/cjs/loader.js:538:12)
    at Function.Module._load (internal/modules/cjs/loader.js:530:3)
    at Function.Module.runMain (internal/modules/cjs/loader.js:742:12)
    at startup (internal/bootstrap/node.js:283:19)
npm ERR! code ELIFECYCLE
npm ERR! errno 1
npm ERR! server@1.0.0 start: `cross-env NODE_ENV=production node app.js`
npm ERR! Exit status 1
npm ERR! 
npm ERR! Failed at the server@1.0.0 start script.
npm ERR! This is probably not a problem with npm. There is likely additional logging output above.

npm ERR! A complete log of this run can be found in:
npm ERR!     /Users/hanbingbing/.npm/_logs/2019-06-14T15_51_11_631Z-debug.log
/Users/hanbingbing/Desktop/sites/vue-blog/server/routes/login.js:1
(function (exports, require, module, __filename, __dirname) { require('dotenv').load();
                                                                                ^

TypeError: require(...).load is not a function
    at Object.<anonymous> (/Users/hanbingbing/Desktop/sites/vue-blog/server/routes/login.js:1:81)
    at Module._compile (internal/modules/cjs/loader.js:689:30)
    at Object.Module._extensions..js (internal/modules/cjs/loader.js:700:10)
    at Module.load (internal/modules/cjs/loader.js:599:32)
    at tryModuleLoad (internal/modules/cjs/loader.js:538:12)
    at Function.Module._load (internal/modules/cjs/loader.js:530:3)
    at Module.require (internal/modules/cjs/loader.js:637:17)
    at require (internal/modules/cjs/helpers.js:22:18)
    at Object.<anonymous> (/Users/hanbingbing/Desktop/sites/vue-blog/server/app.js:7:15)
    at Module._compile (internal/modules/cjs/loader.js:689:30)
    at Object.Module._extensions..js (internal/modules/cjs/loader.js:700:10)
    at Module.load (internal/modules/cjs/loader.js:599:32)
    at tryModuleLoad (internal/modules/cjs/loader.js:538:12)
    at Function.Module._load (internal/modules/cjs/loader.js:530:3)
    at Function.Module.runMain (internal/modules/cjs/loader.js:742:12)
    at startup (internal/bootstrap/node.js:283:19)
npm ERR! code ELIFECYCLE
npm ERR! errno 1
npm ERR! server@1.0.0 start: `cross-env NODE_ENV=production node app.js`
npm ERR! Exit status 1
npm ERR! 
npm ERR! Failed at the server@1.0.0 start script.
npm ERR! This is probably not a problem with npm. There is likely additional logging output above.

npm ERR! A complete log of this run can be found in:
npm ERR!     /Users/hanbingbing/.npm/_logs/2019-06-14T15_51_16_763Z-debug.log
/Users/hanbingbing/Desktop/sites/vue-blog/server/routes/login.js:1
(function (exports, require, module, __filename, __dirname) { require('dotenv').load();
                                                                                ^

TypeError: require(...).load is not a function
    at Object.<anonymous> (/Users/hanbingbing/Desktop/sites/vue-blog/server/routes/login.js:1:81)
    at Module._compile (internal/modules/cjs/loader.js:689:30)
    at Object.Module._extensions..js (internal/modules/cjs/loader.js:700:10)
    at Module.load (internal/modules/cjs/loader.js:599:32)
    at tryModuleLoad (internal/modules/cjs/loader.js:538:12)
    at Function.Module._load (internal/modules/cjs/loader.js:530:3)
    at Module.require (internal/modules/cjs/loader.js:637:17)
    at require (internal/modules/cjs/helpers.js:22:18)
    at Object.<anonymous> (/Users/hanbingbing/Desktop/sites/vue-blog/server/app.js:7:15)
    at Module._compile (internal/modules/cjs/loader.js:689:30)
    at Object.Module._extensions..js (internal/modules/cjs/loader.js:700:10)
    at Module.load (internal/modules/cjs/loader.js:599:32)
    at tryModuleLoad (internal/modules/cjs/loader.js:538:12)
    at Function.Module._load (internal/modules/cjs/loader.js:530:3)
    at Function.Module.runMain (internal/modules/cjs/loader.js:742:12)
    at startup (internal/bootstrap/node.js:283:19)
npm ERR! code ELIFECYCLE
npm ERR! errno 1
npm ERR! server@1.0.0 start: `cross-env NODE_ENV=production node app.js`
npm ERR! Exit status 1
npm ERR! 
npm ERR! Failed at the server@1.0.0 start script.
npm ERR! This is probably not a problem with npm. There is likely additional logging output above.

npm ERR! A complete log of this run can be found in:
npm ERR!     /Users/hanbingbing/.npm/_logs/2019-06-14T15_51_21_910Z-debug.log
/Users/hanbingbing/Desktop/sites/vue-blog/server/routes/login.js:1
(function (exports, require, module, __filename, __dirname) { require('dotenv').load();
                                                                                ^

TypeError: require(...).load is not a function
    at Object.<anonymous> (/Users/hanbingbing/Desktop/sites/vue-blog/server/routes/login.js:1:81)
    at Module._compile (internal/modules/cjs/loader.js:689:30)
    at Object.Module._extensions..js (internal/modules/cjs/loader.js:700:10)
    at Module.load (internal/modules/cjs/loader.js:599:32)
    at tryModuleLoad (internal/modules/cjs/loader.js:538:12)
    at Function.Module._load (internal/modules/cjs/loader.js:530:3)
    at Module.require (internal/modules/cjs/loader.js:637:17)
    at require (internal/modules/cjs/helpers.js:22:18)
    at Object.<anonymous> (/Users/hanbingbing/Desktop/sites/vue-blog/server/app.js:7:15)
    at Module._compile (internal/modules/cjs/loader.js:689:30)
    at Object.Module._extensions..js (internal/modules/cjs/loader.js:700:10)
    at Module.load (internal/modules/cjs/loader.js:599:32)
    at tryModuleLoad (internal/modules/cjs/loader.js:538:12)
    at Function.Module._load (internal/modules/cjs/loader.js:530:3)
    at Function.Module.runMain (internal/modules/cjs/loader.js:742:12)
    at startup (internal/bootstrap/node.js:283:19)
npm ERR! code ELIFECYCLE
npm ERR! errno 1
npm ERR! server@1.0.0 start: `cross-env NODE_ENV=production node app.js`
npm ERR! Exit status 1
npm ERR! 
npm ERR! Failed at the server@1.0.0 start script.
npm ERR! This is probably not a problem with npm. There is likely additional logging output above.

npm ERR! A complete log of this run can be found in:
npm ERR!     /Users/hanbingbing/.npm/_logs/2019-06-14T15_51_27_065Z-debug.log
/Users/hanbingbing/Desktop/sites/vue-blog/server/routes/login.js:1
(function (exports, require, module, __filename, __dirname) { require('dotenv').load();
                                                                                ^

TypeError: require(...).load is not a function
    at Object.<anonymous> (/Users/hanbingbing/Desktop/sites/vue-blog/server/routes/login.js:1:81)
    at Module._compile (internal/modules/cjs/loader.js:689:30)
    at Object.Module._extensions..js (internal/modules/cjs/loader.js:700:10)
    at Module.load (internal/modules/cjs/loader.js:599:32)
    at tryModuleLoad (internal/modules/cjs/loader.js:538:12)
    at Function.Module._load (internal/modules/cjs/loader.js:530:3)
    at Module.require (internal/modules/cjs/loader.js:637:17)
    at require (internal/modules/cjs/helpers.js:22:18)
    at Object.<anonymous> (/Users/hanbingbing/Desktop/sites/vue-blog/server/app.js:7:15)
    at Module._compile (internal/modules/cjs/loader.js:689:30)
    at Object.Module._extensions..js (internal/modules/cjs/loader.js:700:10)
    at Module.load (internal/modules/cjs/loader.js:599:32)
    at tryModuleLoad (internal/modules/cjs/loader.js:538:12)
    at Function.Module._load (internal/modules/cjs/loader.js:530:3)
    at Function.Module.runMain (internal/modules/cjs/loader.js:742:12)
    at startup (internal/bootstrap/node.js:283:19)
npm ERR! code ELIFECYCLE
npm ERR! errno 1
npm ERR! server@1.0.0 start: `cross-env NODE_ENV=production node app.js`
npm ERR! Exit status 1
npm ERR! 
npm ERR! Failed at the server@1.0.0 start script.
npm ERR! This is probably not a problem with npm. There is likely additional logging output above.

npm ERR! A complete log of this run can be found in:
npm ERR!     /Users/hanbingbing/.npm/_logs/2019-06-14T15_51_32_189Z-debug.log
/Users/hanbingbing/Desktop/sites/vue-blog/server/routes/login.js:1
(function (exports, require, module, __filename, __dirname) { require('dotenv').load();
                                                                                ^

TypeError: require(...).load is not a function
    at Object.<anonymous> (/Users/hanbingbing/Desktop/sites/vue-blog/server/routes/login.js:1:81)
    at Module._compile (internal/modules/cjs/loader.js:689:30)
    at Object.Module._extensions..js (internal/modules/cjs/loader.js:700:10)
    at Module.load (internal/modules/cjs/loader.js:599:32)
    at tryModuleLoad (internal/modules/cjs/loader.js:538:12)
    at Function.Module._load (internal/modules/cjs/loader.js:530:3)
    at Module.require (internal/modules/cjs/loader.js:637:17)
    at require (internal/modules/cjs/helpers.js:22:18)
    at Object.<anonymous> (/Users/hanbingbing/Desktop/sites/vue-blog/server/app.js:7:15)
    at Module._compile (internal/modules/cjs/loader.js:689:30)
    at Object.Module._extensions..js (internal/modules/cjs/loader.js:700:10)
    at Module.load (internal/modules/cjs/loader.js:599:32)
    at tryModuleLoad (internal/modules/cjs/loader.js:538:12)
    at Function.Module._load (internal/modules/cjs/loader.js:530:3)
    at Function.Module.runMain (internal/modules/cjs/loader.js:742:12)
    at startup (internal/bootstrap/node.js:283:19)
npm ERR! code ELIFECYCLE
npm ERR! errno 1
npm ERR! server@1.0.0 start: `cross-env NODE_ENV=production node app.js`
npm ERR! Exit status 1
npm ERR! 
npm ERR! Failed at the server@1.0.0 start script.
npm ERR! This is probably not a problem with npm. There is likely additional logging output above.

npm ERR! A complete log of this run can be found in:
npm ERR!     /Users/hanbingbing/.npm/_logs/2019-06-14T15_51_37_415Z-debug.log
/Users/hanbingbing/Desktop/sites/vue-blog/server/routes/login.js:1
(function (exports, require, module, __filename, __dirname) { require('dotenv').load();
                                                                                ^

TypeError: require(...).load is not a function
    at Object.<anonymous> (/Users/hanbingbing/Desktop/sites/vue-blog/server/routes/login.js:1:81)
    at Module._compile (internal/modules/cjs/loader.js:689:30)
    at Object.Module._extensions..js (internal/modules/cjs/loader.js:700:10)
    at Module.load (internal/modules/cjs/loader.js:599:32)
    at tryModuleLoad (internal/modules/cjs/loader.js:538:12)
    at Function.Module._load (internal/modules/cjs/loader.js:530:3)
    at Module.require (internal/modules/cjs/loader.js:637:17)
    at require (internal/modules/cjs/helpers.js:22:18)
    at Object.<anonymous> (/Users/hanbingbing/Desktop/sites/vue-blog/server/app.js:7:15)
    at Module._compile (internal/modules/cjs/loader.js:689:30)
    at Object.Module._extensions..js (internal/modules/cjs/loader.js:700:10)
    at Module.load (internal/modules/cjs/loader.js:599:32)
    at tryModuleLoad (internal/modules/cjs/loader.js:538:12)
    at Function.Module._load (internal/modules/cjs/loader.js:530:3)
    at Function.Module.runMain (internal/modules/cjs/loader.js:742:12)
    at startup (internal/bootstrap/node.js:283:19)
npm ERR! code ELIFECYCLE
npm ERR! errno 1
npm ERR! server@1.0.0 start: `cross-env NODE_ENV=production node app.js`
npm ERR! Exit status 1
npm ERR! 
npm ERR! Failed at the server@1.0.0 start script.
npm ERR! This is probably not a problem with npm. There is likely additional logging output above.

npm ERR! A complete log of this run can be found in:
npm ERR!     /Users/hanbingbing/.npm/_logs/2019-06-14T15_51_42_451Z-debug.log
/Users/hanbingbing/Desktop/sites/vue-blog/server/routes/login.js:1
(function (exports, require, module, __filename, __dirname) { require('dotenv').load();
                                                                                ^

TypeError: require(...).load is not a function
    at Object.<anonymous> (/Users/hanbingbing/Desktop/sites/vue-blog/server/routes/login.js:1:81)
    at Module._compile (internal/modules/cjs/loader.js:689:30)
    at Object.Module._extensions..js (internal/modules/cjs/loader.js:700:10)
    at Module.load (internal/modules/cjs/loader.js:599:32)
    at tryModuleLoad (internal/modules/cjs/loader.js:538:12)
    at Function.Module._load (internal/modules/cjs/loader.js:530:3)
    at Module.require (internal/modules/cjs/loader.js:637:17)
    at require (internal/modules/cjs/helpers.js:22:18)
    at Object.<anonymous> (/Users/hanbingbing/Desktop/sites/vue-blog/server/app.js:7:15)
    at Module._compile (internal/modules/cjs/loader.js:689:30)
    at Object.Module._extensions..js (internal/modules/cjs/loader.js:700:10)
    at Module.load (internal/modules/cjs/loader.js:599:32)
    at tryModuleLoad (internal/modules/cjs/loader.js:538:12)
    at Function.Module._load (internal/modules/cjs/loader.js:530:3)
    at Function.Module.runMain (internal/modules/cjs/loader.js:742:12)
    at startup (internal/bootstrap/node.js:283:19)
npm ERR! code ELIFECYCLE
npm ERR! errno 1
npm ERR! server@1.0.0 start: `cross-env NODE_ENV=production node app.js`
npm ERR! Exit status 1
npm ERR! 
npm ERR! Failed at the server@1.0.0 start script.
npm ERR! This is probably not a problem with npm. There is likely additional logging output above.

npm ERR! A complete log of this run can be found in:
npm ERR!     /Users/hanbingbing/.npm/_logs/2019-06-14T15_51_47_660Z-debug.log
/Users/hanbingbing/Desktop/sites/vue-blog/server/routes/login.js:1
(function (exports, require, module, __filename, __dirname) { require('dotenv').load();
                                                                                ^

TypeError: require(...).load is not a function
    at Object.<anonymous> (/Users/hanbingbing/Desktop/sites/vue-blog/server/routes/login.js:1:81)
    at Module._compile (internal/modules/cjs/loader.js:689:30)
    at Object.Module._extensions..js (internal/modules/cjs/loader.js:700:10)
    at Module.load (internal/modules/cjs/loader.js:599:32)
    at tryModuleLoad (internal/modules/cjs/loader.js:538:12)
    at Function.Module._load (internal/modules/cjs/loader.js:530:3)
    at Module.require (internal/modules/cjs/loader.js:637:17)
    at require (internal/modules/cjs/helpers.js:22:18)
    at Object.<anonymous> (/Users/hanbingbing/Desktop/sites/vue-blog/server/app.js:7:15)
    at Module._compile (internal/modules/cjs/loader.js:689:30)
    at Object.Module._extensions..js (internal/modules/cjs/loader.js:700:10)
    at Module.load (internal/modules/cjs/loader.js:599:32)
    at tryModuleLoad (internal/modules/cjs/loader.js:538:12)
    at Function.Module._load (internal/modules/cjs/loader.js:530:3)
    at Function.Module.runMain (internal/modules/cjs/loader.js:742:12)
    at startup (internal/bootstrap/node.js:283:19)
npm ERR! code ELIFECYCLE
npm ERR! errno 1
npm ERR! server@1.0.0 start: `cross-env NODE_ENV=production node app.js`
npm ERR! Exit status 1
npm ERR! 
npm ERR! Failed at the server@1.0.0 start script.
npm ERR! This is probably not a problem with npm. There is likely additional logging output above.

npm ERR! A complete log of this run can be found in:
npm ERR!     /Users/hanbingbing/.npm/_logs/2019-06-14T15_51_52_735Z-debug.log
/Users/hanbingbing/Desktop/sites/vue-blog/server/routes/login.js:1
(function (exports, require, module, __filename, __dirname) { require('dotenv').load();
                                                                                ^

TypeError: require(...).load is not a function
    at Object.<anonymous> (/Users/hanbingbing/Desktop/sites/vue-blog/server/routes/login.js:1:81)
    at Module._compile (internal/modules/cjs/loader.js:689:30)
    at Object.Module._extensions..js (internal/modules/cjs/loader.js:700:10)
    at Module.load (internal/modules/cjs/loader.js:599:32)
    at tryModuleLoad (internal/modules/cjs/loader.js:538:12)
    at Function.Module._load (internal/modules/cjs/loader.js:530:3)
    at Module.require (internal/modules/cjs/loader.js:637:17)
    at require (internal/modules/cjs/helpers.js:22:18)
    at Object.<anonymous> (/Users/hanbingbing/Desktop/sites/vue-blog/server/app.js:7:15)
    at Module._compile (internal/modules/cjs/loader.js:689:30)
    at Object.Module._extensions..js (internal/modules/cjs/loader.js:700:10)
    at Module.load (internal/modules/cjs/loader.js:599:32)
    at tryModuleLoad (internal/modules/cjs/loader.js:538:12)
    at Function.Module._load (internal/modules/cjs/loader.js:530:3)
    at Function.Module.runMain (internal/modules/cjs/loader.js:742:12)
    at startup (internal/bootstrap/node.js:283:19)
npm ERR! code ELIFECYCLE
npm ERR! errno 1
npm ERR! server@1.0.0 start: `cross-env NODE_ENV=production node app.js`
npm ERR! Exit status 1
npm ERR! 
npm ERR! Failed at the server@1.0.0 start script.
npm ERR! This is probably not a problem with npm. There is likely additional logging output above.

npm ERR! A complete log of this run can be found in:
npm ERR!     /Users/hanbingbing/.npm/_logs/2019-06-14T15_51_57_924Z-debug.log
/Users/hanbingbing/Desktop/sites/vue-blog/server/routes/login.js:1
(function (exports, require, module, __filename, __dirname) { require('dotenv').load();
                                                                                ^

TypeError: require(...).load is not a function
    at Object.<anonymous> (/Users/hanbingbing/Desktop/sites/vue-blog/server/routes/login.js:1:81)
    at Module._compile (internal/modules/cjs/loader.js:689:30)
    at Object.Module._extensions..js (internal/modules/cjs/loader.js:700:10)
    at Module.load (internal/modules/cjs/loader.js:599:32)
    at tryModuleLoad (internal/modules/cjs/loader.js:538:12)
    at Function.Module._load (internal/modules/cjs/loader.js:530:3)
    at Module.require (internal/modules/cjs/loader.js:637:17)
    at require (internal/modules/cjs/helpers.js:22:18)
    at Object.<anonymous> (/Users/hanbingbing/Desktop/sites/vue-blog/server/app.js:7:15)
    at Module._compile (internal/modules/cjs/loader.js:689:30)
    at Object.Module._extensions..js (internal/modules/cjs/loader.js:700:10)
    at Module.load (internal/modules/cjs/loader.js:599:32)
    at tryModuleLoad (internal/modules/cjs/loader.js:538:12)
    at Function.Module._load (internal/modules/cjs/loader.js:530:3)
    at Function.Module.runMain (internal/modules/cjs/loader.js:742:12)
    at startup (internal/bootstrap/node.js:283:19)
npm ERR! code ELIFECYCLE
npm ERR! errno 1
npm ERR! server@1.0.0 start: `cross-env NODE_ENV=production node app.js`
npm ERR! Exit status 1
npm ERR! 
npm ERR! Failed at the server@1.0.0 start script.
npm ERR! This is probably not a problem with npm. There is likely additional logging output above.

npm ERR! A complete log of this run can be found in:
npm ERR!     /Users/hanbingbing/.npm/_logs/2019-06-14T15_52_03_031Z-debug.log
/Users/hanbingbing/Desktop/sites/vue-blog/server/routes/login.js:1
(function (exports, require, module, __filename, __dirname) { require('dotenv').load();
                                                                                ^

TypeError: require(...).load is not a function
    at Object.<anonymous> (/Users/hanbingbing/Desktop/sites/vue-blog/server/routes/login.js:1:81)
    at Module._compile (internal/modules/cjs/loader.js:689:30)
    at Object.Module._extensions..js (internal/modules/cjs/loader.js:700:10)
    at Module.load (internal/modules/cjs/loader.js:599:32)
    at tryModuleLoad (internal/modules/cjs/loader.js:538:12)
    at Function.Module._load (internal/modules/cjs/loader.js:530:3)
    at Module.require (internal/modules/cjs/loader.js:637:17)
    at require (internal/modules/cjs/helpers.js:22:18)
    at Object.<anonymous> (/Users/hanbingbing/Desktop/sites/vue-blog/server/app.js:7:15)
    at Module._compile (internal/modules/cjs/loader.js:689:30)
    at Object.Module._extensions..js (internal/modules/cjs/loader.js:700:10)
    at Module.load (internal/modules/cjs/loader.js:599:32)
    at tryModuleLoad (internal/modules/cjs/loader.js:538:12)
    at Function.Module._load (internal/modules/cjs/loader.js:530:3)
    at Function.Module.runMain (internal/modules/cjs/loader.js:742:12)
    at startup (internal/bootstrap/node.js:283:19)
npm ERR! code ELIFECYCLE
npm ERR! errno 1
npm ERR! server@1.0.0 start: `cross-env NODE_ENV=production node app.js`
npm ERR! Exit status 1
npm ERR! 
npm ERR! Failed at the server@1.0.0 start script.
npm ERR! This is probably not a problem with npm. There is likely additional logging output above.

npm ERR! A complete log of this run can be found in:
npm ERR!     /Users/hanbingbing/.npm/_logs/2019-06-14T15_52_08_241Z-debug.log
/Users/hanbingbing/Desktop/sites/vue-blog/server/routes/login.js:1
(function (exports, require, module, __filename, __dirname) { require('dotenv').load();
                                                                                ^

TypeError: require(...).load is not a function
    at Object.<anonymous> (/Users/hanbingbing/Desktop/sites/vue-blog/server/routes/login.js:1:81)
    at Module._compile (internal/modules/cjs/loader.js:689:30)
    at Object.Module._extensions..js (internal/modules/cjs/loader.js:700:10)
    at Module.load (internal/modules/cjs/loader.js:599:32)
    at tryModuleLoad (internal/modules/cjs/loader.js:538:12)
    at Function.Module._load (internal/modules/cjs/loader.js:530:3)
    at Module.require (internal/modules/cjs/loader.js:637:17)
    at require (internal/modules/cjs/helpers.js:22:18)
    at Object.<anonymous> (/Users/hanbingbing/Desktop/sites/vue-blog/server/app.js:7:15)
    at Module._compile (internal/modules/cjs/loader.js:689:30)
    at Object.Module._extensions..js (internal/modules/cjs/loader.js:700:10)
    at Module.load (internal/modules/cjs/loader.js:599:32)
    at tryModuleLoad (internal/modules/cjs/loader.js:538:12)
    at Function.Module._load (internal/modules/cjs/loader.js:530:3)
    at Function.Module.runMain (internal/modules/cjs/loader.js:742:12)
    at startup (internal/bootstrap/node.js:283:19)
npm ERR! code ELIFECYCLE
npm ERR! errno 1
npm ERR! server@1.0.0 start: `cross-env NODE_ENV=production node app.js`
npm ERR! Exit status 1
npm ERR! 
npm ERR! Failed at the server@1.0.0 start script.
npm ERR! This is probably not a problem with npm. There is likely additional logging output above.

npm ERR! A complete log of this run can be found in:
npm ERR!     /Users/hanbingbing/.npm/_logs/2019-06-14T15_52_13_345Z-debug.log
/Users/hanbingbing/Desktop/sites/vue-blog/server/routes/login.js:1
(function (exports, require, module, __filename, __dirname) { require('dotenv').load();
                                                                                ^

TypeError: require(...).load is not a function
    at Object.<anonymous> (/Users/hanbingbing/Desktop/sites/vue-blog/server/routes/login.js:1:81)
    at Module._compile (internal/modules/cjs/loader.js:689:30)
    at Object.Module._extensions..js (internal/modules/cjs/loader.js:700:10)
    at Module.load (internal/modules/cjs/loader.js:599:32)
    at tryModuleLoad (internal/modules/cjs/loader.js:538:12)
    at Function.Module._load (internal/modules/cjs/loader.js:530:3)
    at Module.require (internal/modules/cjs/loader.js:637:17)
    at require (internal/modules/cjs/helpers.js:22:18)
    at Object.<anonymous> (/Users/hanbingbing/Desktop/sites/vue-blog/server/app.js:7:15)
    at Module._compile (internal/modules/cjs/loader.js:689:30)
    at Object.Module._extensions..js (internal/modules/cjs/loader.js:700:10)
    at Module.load (internal/modules/cjs/loader.js:599:32)
    at tryModuleLoad (internal/modules/cjs/loader.js:538:12)
    at Function.Module._load (internal/modules/cjs/loader.js:530:3)
    at Function.Module.runMain (internal/modules/cjs/loader.js:742:12)
    at startup (internal/bootstrap/node.js:283:19)
npm ERR! code ELIFECYCLE
npm ERR! errno 1
npm ERR! server@1.0.0 start: `cross-env NODE_ENV=production node app.js`
npm ERR! Exit status 1
npm ERR! 
npm ERR! Failed at the server@1.0.0 start script.
npm ERR! This is probably not a problem with npm. There is likely additional logging output above.

npm ERR! A complete log of this run can be found in:
npm ERR!     /Users/hanbingbing/.npm/_logs/2019-06-14T15_52_18_469Z-debug.log
/Users/hanbingbing/Desktop/sites/vue-blog/server/routes/login.js:1
(function (exports, require, module, __filename, __dirname) { require('dotenv').load();
                                                                                ^

TypeError: require(...).load is not a function
    at Object.<anonymous> (/Users/hanbingbing/Desktop/sites/vue-blog/server/routes/login.js:1:81)
    at Module._compile (internal/modules/cjs/loader.js:689:30)
    at Object.Module._extensions..js (internal/modules/cjs/loader.js:700:10)
    at Module.load (internal/modules/cjs/loader.js:599:32)
    at tryModuleLoad (internal/modules/cjs/loader.js:538:12)
    at Function.Module._load (internal/modules/cjs/loader.js:530:3)
    at Module.require (internal/modules/cjs/loader.js:637:17)
    at require (internal/modules/cjs/helpers.js:22:18)
    at Object.<anonymous> (/Users/hanbingbing/Desktop/sites/vue-blog/server/app.js:7:15)
    at Module._compile (internal/modules/cjs/loader.js:689:30)
    at Object.Module._extensions..js (internal/modules/cjs/loader.js:700:10)
    at Module.load (internal/modules/cjs/loader.js:599:32)
    at tryModuleLoad (internal/modules/cjs/loader.js:538:12)
    at Function.Module._load (internal/modules/cjs/loader.js:530:3)
    at Function.Module.runMain (internal/modules/cjs/loader.js:742:12)
    at startup (internal/bootstrap/node.js:283:19)
npm ERR! code ELIFECYCLE
npm ERR! errno 1
npm ERR! server@1.0.0 start: `cross-env NODE_ENV=production node app.js`
npm ERR! Exit status 1
npm ERR! 
npm ERR! Failed at the server@1.0.0 start script.
npm ERR! This is probably not a problem with npm. There is likely additional logging output above.

npm ERR! A complete log of this run can be found in:
npm ERR!     /Users/hanbingbing/.npm/_logs/2019-06-14T15_52_23_647Z-debug.log
/Users/hanbingbing/Desktop/sites/vue-blog/server/routes/login.js:1
(function (exports, require, module, __filename, __dirname) { require('dotenv').load();
                                                                                ^

TypeError: require(...).load is not a function
    at Object.<anonymous> (/Users/hanbingbing/Desktop/sites/vue-blog/server/routes/login.js:1:81)
    at Module._compile (internal/modules/cjs/loader.js:689:30)
    at Object.Module._extensions..js (internal/modules/cjs/loader.js:700:10)
    at Module.load (internal/modules/cjs/loader.js:599:32)
    at tryModuleLoad (internal/modules/cjs/loader.js:538:12)
    at Function.Module._load (internal/modules/cjs/loader.js:530:3)
    at Module.require (internal/modules/cjs/loader.js:637:17)
    at require (internal/modules/cjs/helpers.js:22:18)
    at Object.<anonymous> (/Users/hanbingbing/Desktop/sites/vue-blog/server/app.js:7:15)
    at Module._compile (internal/modules/cjs/loader.js:689:30)
    at Object.Module._extensions..js (internal/modules/cjs/loader.js:700:10)
    at Module.load (internal/modules/cjs/loader.js:599:32)
    at tryModuleLoad (internal/modules/cjs/loader.js:538:12)
    at Function.Module._load (internal/modules/cjs/loader.js:530:3)
    at Function.Module.runMain (internal/modules/cjs/loader.js:742:12)
    at startup (internal/bootstrap/node.js:283:19)
npm ERR! code ELIFECYCLE
npm ERR! errno 1
npm ERR! server@1.0.0 start: `cross-env NODE_ENV=production node app.js`
npm ERR! Exit status 1
npm ERR! 
npm ERR! Failed at the server@1.0.0 start script.
npm ERR! This is probably not a problem with npm. There is likely additional logging output above.

npm ERR! A complete log of this run can be found in:
npm ERR!     /Users/hanbingbing/.npm/_logs/2019-06-14T15_52_28_805Z-debug.log
/Users/hanbingbing/Desktop/sites/vue-blog/server/routes/login.js:1
(function (exports, require, module, __filename, __dirname) { require('dotenv').load();
                                                                                ^

TypeError: require(...).load is not a function
    at Object.<anonymous> (/Users/hanbingbing/Desktop/sites/vue-blog/server/routes/login.js:1:81)
    at Module._compile (internal/modules/cjs/loader.js:689:30)
    at Object.Module._extensions..js (internal/modules/cjs/loader.js:700:10)
    at Module.load (internal/modules/cjs/loader.js:599:32)
    at tryModuleLoad (internal/modules/cjs/loader.js:538:12)
    at Function.Module._load (internal/modules/cjs/loader.js:530:3)
    at Module.require (internal/modules/cjs/loader.js:637:17)
    at require (internal/modules/cjs/helpers.js:22:18)
    at Object.<anonymous> (/Users/hanbingbing/Desktop/sites/vue-blog/server/app.js:7:15)
    at Module._compile (internal/modules/cjs/loader.js:689:30)
    at Object.Module._extensions..js (internal/modules/cjs/loader.js:700:10)
    at Module.load (internal/modules/cjs/loader.js:599:32)
    at tryModuleLoad (internal/modules/cjs/loader.js:538:12)
    at Function.Module._load (internal/modules/cjs/loader.js:530:3)
    at Function.Module.runMain (internal/modules/cjs/loader.js:742:12)
    at startup (internal/bootstrap/node.js:283:19)
npm ERR! code ELIFECYCLE
npm ERR! errno 1
npm ERR! server@1.0.0 start: `cross-env NODE_ENV=production node app.js`
npm ERR! Exit status 1
npm ERR! 
npm ERR! Failed at the server@1.0.0 start script.
npm ERR! This is probably not a problem with npm. There is likely additional logging output above.

npm ERR! A complete log of this run can be found in:
npm ERR!     /Users/hanbingbing/.npm/_logs/2019-06-14T15_52_33_909Z-debug.log
/Users/hanbingbing/Desktop/sites/vue-blog/server/routes/login.js:1
(function (exports, require, module, __filename, __dirname) { require('dotenv').load();
                                                                                ^

TypeError: require(...).load is not a function
    at Object.<anonymous> (/Users/hanbingbing/Desktop/sites/vue-blog/server/routes/login.js:1:81)
    at Module._compile (internal/modules/cjs/loader.js:689:30)
    at Object.Module._extensions..js (internal/modules/cjs/loader.js:700:10)
    at Module.load (internal/modules/cjs/loader.js:599:32)
    at tryModuleLoad (internal/modules/cjs/loader.js:538:12)
    at Function.Module._load (internal/modules/cjs/loader.js:530:3)
    at Module.require (internal/modules/cjs/loader.js:637:17)
    at require (internal/modules/cjs/helpers.js:22:18)
    at Object.<anonymous> (/Users/hanbingbing/Desktop/sites/vue-blog/server/app.js:7:15)
    at Module._compile (internal/modules/cjs/loader.js:689:30)
    at Object.Module._extensions..js (internal/modules/cjs/loader.js:700:10)
    at Module.load (internal/modules/cjs/loader.js:599:32)
    at tryModuleLoad (internal/modules/cjs/loader.js:538:12)
    at Function.Module._load (internal/modules/cjs/loader.js:530:3)
    at Function.Module.runMain (internal/modules/cjs/loader.js:742:12)
    at startup (internal/bootstrap/node.js:283:19)
npm ERR! code ELIFECYCLE
npm ERR! errno 1
npm ERR! server@1.0.0 start: `cross-env NODE_ENV=production node app.js`
npm ERR! Exit status 1
npm ERR! 
npm ERR! Failed at the server@1.0.0 start script.
npm ERR! This is probably not a problem with npm. There is likely additional logging output above.

npm ERR! A complete log of this run can be found in:
npm ERR!     /Users/hanbingbing/.npm/_logs/2019-06-14T15_52_39_036Z-debug.log
/Users/hanbingbing/Desktop/sites/vue-blog/server/routes/login.js:1
(function (exports, require, module, __filename, __dirname) { require('dotenv').load();
                                                                                ^

TypeError: require(...).load is not a function
    at Object.<anonymous> (/Users/hanbingbing/Desktop/sites/vue-blog/server/routes/login.js:1:81)
    at Module._compile (internal/modules/cjs/loader.js:689:30)
    at Object.Module._extensions..js (internal/modules/cjs/loader.js:700:10)
    at Module.load (internal/modules/cjs/loader.js:599:32)
    at tryModuleLoad (internal/modules/cjs/loader.js:538:12)
    at Function.Module._load (internal/modules/cjs/loader.js:530:3)
    at Module.require (internal/modules/cjs/loader.js:637:17)
    at require (internal/modules/cjs/helpers.js:22:18)
    at Object.<anonymous> (/Users/hanbingbing/Desktop/sites/vue-blog/server/app.js:7:15)
    at Module._compile (internal/modules/cjs/loader.js:689:30)
    at Object.Module._extensions..js (internal/modules/cjs/loader.js:700:10)
    at Module.load (internal/modules/cjs/loader.js:599:32)
    at tryModuleLoad (internal/modules/cjs/loader.js:538:12)
    at Function.Module._load (internal/modules/cjs/loader.js:530:3)
    at Function.Module.runMain (internal/modules/cjs/loader.js:742:12)
    at startup (internal/bootstrap/node.js:283:19)
npm ERR! code ELIFECYCLE
npm ERR! errno 1
npm ERR! server@1.0.0 start: `cross-env NODE_ENV=production node app.js`
npm ERR! Exit status 1
npm ERR! 
npm ERR! Failed at the server@1.0.0 start script.
npm ERR! This is probably not a problem with npm. There is likely additional logging output above.

npm ERR! A complete log of this run can be found in:
npm ERR!     /Users/hanbingbing/.npm/_logs/2019-06-14T15_52_44_177Z-debug.log
/Users/hanbingbing/Desktop/sites/vue-blog/server/routes/login.js:1
(function (exports, require, module, __filename, __dirname) { require('dotenv').load();
                                                                                ^

TypeError: require(...).load is not a function
    at Object.<anonymous> (/Users/hanbingbing/Desktop/sites/vue-blog/server/routes/login.js:1:81)
    at Module._compile (internal/modules/cjs/loader.js:689:30)
    at Object.Module._extensions..js (internal/modules/cjs/loader.js:700:10)
    at Module.load (internal/modules/cjs/loader.js:599:32)
    at tryModuleLoad (internal/modules/cjs/loader.js:538:12)
    at Function.Module._load (internal/modules/cjs/loader.js:530:3)
    at Module.require (internal/modules/cjs/loader.js:637:17)
    at require (internal/modules/cjs/helpers.js:22:18)
    at Object.<anonymous> (/Users/hanbingbing/Desktop/sites/vue-blog/server/app.js:7:15)
    at Module._compile (internal/modules/cjs/loader.js:689:30)
    at Object.Module._extensions..js (internal/modules/cjs/loader.js:700:10)
    at Module.load (internal/modules/cjs/loader.js:599:32)
    at tryModuleLoad (internal/modules/cjs/loader.js:538:12)
    at Function.Module._load (internal/modules/cjs/loader.js:530:3)
    at Function.Module.runMain (internal/modules/cjs/loader.js:742:12)
    at startup (internal/bootstrap/node.js:283:19)
npm ERR! code ELIFECYCLE
npm ERR! errno 1
npm ERR! server@1.0.0 start: `cross-env NODE_ENV=production node app.js`
npm ERR! Exit status 1
npm ERR! 
npm ERR! Failed at the server@1.0.0 start script.
npm ERR! This is probably not a problem with npm. There is likely additional logging output above.

npm ERR! A complete log of this run can be found in:
npm ERR!     /Users/hanbingbing/.npm/_logs/2019-06-14T15_52_49_361Z-debug.log
/Users/hanbingbing/Desktop/sites/vue-blog/server/routes/login.js:1
(function (exports, require, module, __filename, __dirname) { require('dotenv').load();
                                                                                ^

TypeError: require(...).load is not a function
    at Object.<anonymous> (/Users/hanbingbing/Desktop/sites/vue-blog/server/routes/login.js:1:81)
    at Module._compile (internal/modules/cjs/loader.js:689:30)
    at Object.Module._extensions..js (internal/modules/cjs/loader.js:700:10)
    at Module.load (internal/modules/cjs/loader.js:599:32)
    at tryModuleLoad (internal/modules/cjs/loader.js:538:12)
    at Function.Module._load (internal/modules/cjs/loader.js:530:3)
    at Module.require (internal/modules/cjs/loader.js:637:17)
    at require (internal/modules/cjs/helpers.js:22:18)
    at Object.<anonymous> (/Users/hanbingbing/Desktop/sites/vue-blog/server/app.js:7:15)
    at Module._compile (internal/modules/cjs/loader.js:689:30)
    at Object.Module._extensions..js (internal/modules/cjs/loader.js:700:10)
    at Module.load (internal/modules/cjs/loader.js:599:32)
    at tryModuleLoad (internal/modules/cjs/loader.js:538:12)
    at Function.Module._load (internal/modules/cjs/loader.js:530:3)
    at Function.Module.runMain (internal/modules/cjs/loader.js:742:12)
    at startup (internal/bootstrap/node.js:283:19)
npm ERR! code ELIFECYCLE
npm ERR! errno 1
npm ERR! server@1.0.0 start: `cross-env NODE_ENV=production node app.js`
npm ERR! Exit status 1
npm ERR! 
npm ERR! Failed at the server@1.0.0 start script.
npm ERR! This is probably not a problem with npm. There is likely additional logging output above.

npm ERR! A complete log of this run can be found in:
npm ERR!     /Users/hanbingbing/.npm/_logs/2019-06-14T15_52_54_464Z-debug.log
/Users/hanbingbing/Desktop/sites/vue-blog/server/routes/login.js:1
(function (exports, require, module, __filename, __dirname) { require('dotenv').load();
                                                                                ^

TypeError: require(...).load is not a function
    at Object.<anonymous> (/Users/hanbingbing/Desktop/sites/vue-blog/server/routes/login.js:1:81)
    at Module._compile (internal/modules/cjs/loader.js:689:30)
    at Object.Module._extensions..js (internal/modules/cjs/loader.js:700:10)
    at Module.load (internal/modules/cjs/loader.js:599:32)
    at tryModuleLoad (internal/modules/cjs/loader.js:538:12)
    at Function.Module._load (internal/modules/cjs/loader.js:530:3)
    at Module.require (internal/modules/cjs/loader.js:637:17)
    at require (internal/modules/cjs/helpers.js:22:18)
    at Object.<anonymous> (/Users/hanbingbing/Desktop/sites/vue-blog/server/app.js:7:15)
    at Module._compile (internal/modules/cjs/loader.js:689:30)
    at Object.Module._extensions..js (internal/modules/cjs/loader.js:700:10)
    at Module.load (internal/modules/cjs/loader.js:599:32)
    at tryModuleLoad (internal/modules/cjs/loader.js:538:12)
    at Function.Module._load (internal/modules/cjs/loader.js:530:3)
    at Function.Module.runMain (internal/modules/cjs/loader.js:742:12)
    at startup (internal/bootstrap/node.js:283:19)
npm ERR! code ELIFECYCLE
npm ERR! errno 1
npm ERR! server@1.0.0 start: `cross-env NODE_ENV=production node app.js`
npm ERR! Exit status 1
npm ERR! 
npm ERR! Failed at the server@1.0.0 start script.
npm ERR! This is probably not a problem with npm. There is likely additional logging output above.

npm ERR! A complete log of this run can be found in:
npm ERR!     /Users/hanbingbing/.npm/_logs/2019-06-14T15_52_59_639Z-debug.log
/Users/hanbingbing/Desktop/sites/vue-blog/server/routes/login.js:1
(function (exports, require, module, __filename, __dirname) { require('dotenv').load();
                                                                                ^

TypeError: require(...).load is not a function
    at Object.<anonymous> (/Users/hanbingbing/Desktop/sites/vue-blog/server/routes/login.js:1:81)
    at Module._compile (internal/modules/cjs/loader.js:689:30)
    at Object.Module._extensions..js (internal/modules/cjs/loader.js:700:10)
    at Module.load (internal/modules/cjs/loader.js:599:32)
    at tryModuleLoad (internal/modules/cjs/loader.js:538:12)
    at Function.Module._load (internal/modules/cjs/loader.js:530:3)
    at Module.require (internal/modules/cjs/loader.js:637:17)
    at require (internal/modules/cjs/helpers.js:22:18)
    at Object.<anonymous> (/Users/hanbingbing/Desktop/sites/vue-blog/server/app.js:7:15)
    at Module._compile (internal/modules/cjs/loader.js:689:30)
    at Object.Module._extensions..js (internal/modules/cjs/loader.js:700:10)
    at Module.load (internal/modules/cjs/loader.js:599:32)
    at tryModuleLoad (internal/modules/cjs/loader.js:538:12)
    at Function.Module._load (internal/modules/cjs/loader.js:530:3)
    at Function.Module.runMain (internal/modules/cjs/loader.js:742:12)
    at startup (internal/bootstrap/node.js:283:19)
npm ERR! code ELIFECYCLE
npm ERR! errno 1
npm ERR! server@1.0.0 start: `cross-env NODE_ENV=production node app.js`
npm ERR! Exit status 1
npm ERR! 
npm ERR! Failed at the server@1.0.0 start script.
npm ERR! This is probably not a problem with npm. There is likely additional logging output above.

npm ERR! A complete log of this run can be found in:
npm ERR!     /Users/hanbingbing/.npm/_logs/2019-06-14T15_53_04_786Z-debug.log
/Users/hanbingbing/Desktop/sites/vue-blog/server/routes/login.js:1
(function (exports, require, module, __filename, __dirname) { require('dotenv').load();
                                                                                ^

TypeError: require(...).load is not a function
    at Object.<anonymous> (/Users/hanbingbing/Desktop/sites/vue-blog/server/routes/login.js:1:81)
    at Module._compile (internal/modules/cjs/loader.js:689:30)
    at Object.Module._extensions..js (internal/modules/cjs/loader.js:700:10)
    at Module.load (internal/modules/cjs/loader.js:599:32)
    at tryModuleLoad (internal/modules/cjs/loader.js:538:12)
    at Function.Module._load (internal/modules/cjs/loader.js:530:3)
    at Module.require (internal/modules/cjs/loader.js:637:17)
    at require (internal/modules/cjs/helpers.js:22:18)
    at Object.<anonymous> (/Users/hanbingbing/Desktop/sites/vue-blog/server/app.js:7:15)
    at Module._compile (internal/modules/cjs/loader.js:689:30)
    at Object.Module._extensions..js (internal/modules/cjs/loader.js:700:10)
    at Module.load (internal/modules/cjs/loader.js:599:32)
    at tryModuleLoad (internal/modules/cjs/loader.js:538:12)
    at Function.Module._load (internal/modules/cjs/loader.js:530:3)
    at Function.Module.runMain (internal/modules/cjs/loader.js:742:12)
    at startup (internal/bootstrap/node.js:283:19)
npm ERR! code ELIFECYCLE
npm ERR! errno 1
npm ERR! server@1.0.0 start: `cross-env NODE_ENV=production node app.js`
npm ERR! Exit status 1
npm ERR! 
npm ERR! Failed at the server@1.0.0 start script.
npm ERR! This is probably not a problem with npm. There is likely additional logging output above.

npm ERR! A complete log of this run can be found in:
npm ERR!     /Users/hanbingbing/.npm/_logs/2019-06-14T15_53_09_990Z-debug.log
TypeError: Cannot read property 'password' of undefined
    at api.getUserLogin.then.response (/Users/hanbingbing/Desktop/sites/vue-blog/server/routes/login.js:16:21)
    at tryCatcher (/Users/hanbingbing/Desktop/sites/vue-blog/server/node_modules/_bluebird@3.5.5@bluebird/js/release/util.js:16:23)
    at Promise._settlePromiseFromHandler (/Users/hanbingbing/Desktop/sites/vue-blog/server/node_modules/_bluebird@3.5.5@bluebird/js/release/promise.js:517:31)
    at Promise._settlePromise (/Users/hanbingbing/Desktop/sites/vue-blog/server/node_modules/_bluebird@3.5.5@bluebird/js/release/promise.js:574:18)
    at Promise._settlePromise0 (/Users/hanbingbing/Desktop/sites/vue-blog/server/node_modules/_bluebird@3.5.5@bluebird/js/release/promise.js:619:10)
    at Promise._settlePromises (/Users/hanbingbing/Desktop/sites/vue-blog/server/node_modules/_bluebird@3.5.5@bluebird/js/release/promise.js:699:18)
    at _drainQueueStep (/Users/hanbingbing/Desktop/sites/vue-blog/server/node_modules/_bluebird@3.5.5@bluebird/js/release/async.js:138:12)
    at _drainQueue (/Users/hanbingbing/Desktop/sites/vue-blog/server/node_modules/_bluebird@3.5.5@bluebird/js/release/async.js:131:9)
    at Async._drainQueues (/Users/hanbingbing/Desktop/sites/vue-blog/server/node_modules/_bluebird@3.5.5@bluebird/js/release/async.js:147:5)
    at Immediate.Async.drainQueues [as _onImmediate] (/Users/hanbingbing/Desktop/sites/vue-blog/server/node_modules/_bluebird@3.5.5@bluebird/js/release/async.js:17:14)
    at runCallback (timers.js:705:18)
    at tryOnImmediate (timers.js:676:5)
    at processImmediate (timers.js:658:5)
TypeError: Cannot read property 'password' of undefined
    at api.getUserLogin.then.response (/Users/hanbingbing/Desktop/sites/vue-blog/server/routes/login.js:16:21)
    at tryCatcher (/Users/hanbingbing/Desktop/sites/vue-blog/server/node_modules/_bluebird@3.5.5@bluebird/js/release/util.js:16:23)
    at Promise._settlePromiseFromHandler (/Users/hanbingbing/Desktop/sites/vue-blog/server/node_modules/_bluebird@3.5.5@bluebird/js/release/promise.js:517:31)
    at Promise._settlePromise (/Users/hanbingbing/Desktop/sites/vue-blog/server/node_modules/_bluebird@3.5.5@bluebird/js/release/promise.js:574:18)
    at Promise._settlePromise0 (/Users/hanbingbing/Desktop/sites/vue-blog/server/node_modules/_bluebird@3.5.5@bluebird/js/release/promise.js:619:10)
    at Promise._settlePromises (/Users/hanbingbing/Desktop/sites/vue-blog/server/node_modules/_bluebird@3.5.5@bluebird/js/release/promise.js:699:18)
    at _drainQueueStep (/Users/hanbingbing/Desktop/sites/vue-blog/server/node_modules/_bluebird@3.5.5@bluebird/js/release/async.js:138:12)
    at _drainQueue (/Users/hanbingbing/Desktop/sites/vue-blog/server/node_modules/_bluebird@3.5.5@bluebird/js/release/async.js:131:9)
    at Async._drainQueues (/Users/hanbingbing/Desktop/sites/vue-blog/server/node_modules/_bluebird@3.5.5@bluebird/js/release/async.js:147:5)
    at Immediate.Async.drainQueues [as _onImmediate] (/Users/hanbingbing/Desktop/sites/vue-blog/server/node_modules/_bluebird@3.5.5@bluebird/js/release/async.js:17:14)
    at runCallback (timers.js:705:18)
    at tryOnImmediate (timers.js:676:5)
    at processImmediate (timers.js:658:5)
TypeError: Cannot read property 'password' of undefined
    at api.getUserLogin.then.response (/Users/hanbingbing/Desktop/sites/vue-blog/server/routes/login.js:16:21)
    at tryCatcher (/Users/hanbingbing/Desktop/sites/vue-blog/server/node_modules/_bluebird@3.5.5@bluebird/js/release/util.js:16:23)
    at Promise._settlePromiseFromHandler (/Users/hanbingbing/Desktop/sites/vue-blog/server/node_modules/_bluebird@3.5.5@bluebird/js/release/promise.js:517:31)
    at Promise._settlePromise (/Users/hanbingbing/Desktop/sites/vue-blog/server/node_modules/_bluebird@3.5.5@bluebird/js/release/promise.js:574:18)
    at Promise._settlePromise0 (/Users/hanbingbing/Desktop/sites/vue-blog/server/node_modules/_bluebird@3.5.5@bluebird/js/release/promise.js:619:10)
    at Promise._settlePromises (/Users/hanbingbing/Desktop/sites/vue-blog/server/node_modules/_bluebird@3.5.5@bluebird/js/release/promise.js:699:18)
    at _drainQueueStep (/Users/hanbingbing/Desktop/sites/vue-blog/server/node_modules/_bluebird@3.5.5@bluebird/js/release/async.js:138:12)
    at _drainQueue (/Users/hanbingbing/Desktop/sites/vue-blog/server/node_modules/_bluebird@3.5.5@bluebird/js/release/async.js:131:9)
    at Async._drainQueues (/Users/hanbingbing/Desktop/sites/vue-blog/server/node_modules/_bluebird@3.5.5@bluebird/js/release/async.js:147:5)
    at Immediate.Async.drainQueues [as _onImmediate] (/Users/hanbingbing/Desktop/sites/vue-blog/server/node_modules/_bluebird@3.5.5@bluebird/js/release/async.js:17:14)
    at runCallback (timers.js:705:18)
    at tryOnImmediate (timers.js:676:5)
    at processImmediate (timers.js:658:5)
TypeError: Cannot read property 'password' of undefined
    at api.getUserLogin.then.response (/Users/hanbingbing/Desktop/sites/vue-blog/server/routes/login.js:17:21)
    at tryCatcher (/Users/hanbingbing/Desktop/sites/vue-blog/server/node_modules/_bluebird@3.5.5@bluebird/js/release/util.js:16:23)
    at Promise._settlePromiseFromHandler (/Users/hanbingbing/Desktop/sites/vue-blog/server/node_modules/_bluebird@3.5.5@bluebird/js/release/promise.js:517:31)
    at Promise._settlePromise (/Users/hanbingbing/Desktop/sites/vue-blog/server/node_modules/_bluebird@3.5.5@bluebird/js/release/promise.js:574:18)
    at Promise._settlePromise0 (/Users/hanbingbing/Desktop/sites/vue-blog/server/node_modules/_bluebird@3.5.5@bluebird/js/release/promise.js:619:10)
    at Promise._settlePromises (/Users/hanbingbing/Desktop/sites/vue-blog/server/node_modules/_bluebird@3.5.5@bluebird/js/release/promise.js:699:18)
    at _drainQueueStep (/Users/hanbingbing/Desktop/sites/vue-blog/server/node_modules/_bluebird@3.5.5@bluebird/js/release/async.js:138:12)
    at _drainQueue (/Users/hanbingbing/Desktop/sites/vue-blog/server/node_modules/_bluebird@3.5.5@bluebird/js/release/async.js:131:9)
    at Async._drainQueues (/Users/hanbingbing/Desktop/sites/vue-blog/server/node_modules/_bluebird@3.5.5@bluebird/js/release/async.js:147:5)
    at Immediate.Async.drainQueues [as _onImmediate] (/Users/hanbingbing/Desktop/sites/vue-blog/server/node_modules/_bluebird@3.5.5@bluebird/js/release/async.js:17:14)
    at runCallback (timers.js:705:18)
    at tryOnImmediate (timers.js:676:5)
    at processImmediate (timers.js:658:5)
TypeError: Cannot read property 'password' of undefined
    at api.getUserLogin.then.response (/Users/hanbingbing/Desktop/sites/vue-blog/server/routes/login.js:18:21)
    at tryCatcher (/Users/hanbingbing/Desktop/sites/vue-blog/server/node_modules/_bluebird@3.5.5@bluebird/js/release/util.js:16:23)
    at Promise._settlePromiseFromHandler (/Users/hanbingbing/Desktop/sites/vue-blog/server/node_modules/_bluebird@3.5.5@bluebird/js/release/promise.js:517:31)
    at Promise._settlePromise (/Users/hanbingbing/Desktop/sites/vue-blog/server/node_modules/_bluebird@3.5.5@bluebird/js/release/promise.js:574:18)
    at Promise._settlePromise0 (/Users/hanbingbing/Desktop/sites/vue-blog/server/node_modules/_bluebird@3.5.5@bluebird/js/release/promise.js:619:10)
    at Promise._settlePromises (/Users/hanbingbing/Desktop/sites/vue-blog/server/node_modules/_bluebird@3.5.5@bluebird/js/release/promise.js:699:18)
    at _drainQueueStep (/Users/hanbingbing/Desktop/sites/vue-blog/server/node_modules/_bluebird@3.5.5@bluebird/js/release/async.js:138:12)
    at _drainQueue (/Users/hanbingbing/Desktop/sites/vue-blog/server/node_modules/_bluebird@3.5.5@bluebird/js/release/async.js:131:9)
    at Async._drainQueues (/Users/hanbingbing/Desktop/sites/vue-blog/server/node_modules/_bluebird@3.5.5@bluebird/js/release/async.js:147:5)
    at Immediate.Async.drainQueues [as _onImmediate] (/Users/hanbingbing/Desktop/sites/vue-blog/server/node_modules/_bluebird@3.5.5@bluebird/js/release/async.js:17:14)
    at runCallback (timers.js:705:18)
    at tryOnImmediate (timers.js:676:5)
    at processImmediate (timers.js:658:5)
TypeError: Cannot read property 'password' of undefined
    at api.getUserLogin.then.response (/Users/hanbingbing/Desktop/sites/vue-blog/server/routes/login.js:18:21)
    at tryCatcher (/Users/hanbingbing/Desktop/sites/vue-blog/server/node_modules/_bluebird@3.5.5@bluebird/js/release/util.js:16:23)
    at Promise._settlePromiseFromHandler (/Users/hanbingbing/Desktop/sites/vue-blog/server/node_modules/_bluebird@3.5.5@bluebird/js/release/promise.js:517:31)
    at Promise._settlePromise (/Users/hanbingbing/Desktop/sites/vue-blog/server/node_modules/_bluebird@3.5.5@bluebird/js/release/promise.js:574:18)
    at Promise._settlePromise0 (/Users/hanbingbing/Desktop/sites/vue-blog/server/node_modules/_bluebird@3.5.5@bluebird/js/release/promise.js:619:10)
    at Promise._settlePromises (/Users/hanbingbing/Desktop/sites/vue-blog/server/node_modules/_bluebird@3.5.5@bluebird/js/release/promise.js:699:18)
    at _drainQueueStep (/Users/hanbingbing/Desktop/sites/vue-blog/server/node_modules/_bluebird@3.5.5@bluebird/js/release/async.js:138:12)
    at _drainQueue (/Users/hanbingbing/Desktop/sites/vue-blog/server/node_modules/_bluebird@3.5.5@bluebird/js/release/async.js:131:9)
    at Async._drainQueues (/Users/hanbingbing/Desktop/sites/vue-blog/server/node_modules/_bluebird@3.5.5@bluebird/js/release/async.js:147:5)
    at Immediate.Async.drainQueues [as _onImmediate] (/Users/hanbingbing/Desktop/sites/vue-blog/server/node_modules/_bluebird@3.5.5@bluebird/js/release/async.js:17:14)
    at runCallback (timers.js:705:18)
    at tryOnImmediate (timers.js:676:5)
    at processImmediate (timers.js:658:5)
ReferenceError: jwt is not defined
    at module.exports (/Users/hanbingbing/Desktop/sites/vue-blog/server/utils/checkToken.js:5:21)
    at Layer.handle [as handle_request] (/Users/hanbingbing/Desktop/sites/vue-blog/server/node_modules/_express@4.17.1@express/lib/router/layer.js:95:5)
    at next (/Users/hanbingbing/Desktop/sites/vue-blog/server/node_modules/_express@4.17.1@express/lib/router/route.js:137:13)
    at Route.dispatch (/Users/hanbingbing/Desktop/sites/vue-blog/server/node_modules/_express@4.17.1@express/lib/router/route.js:112:3)
    at Layer.handle [as handle_request] (/Users/hanbingbing/Desktop/sites/vue-blog/server/node_modules/_express@4.17.1@express/lib/router/layer.js:95:5)
    at /Users/hanbingbing/Desktop/sites/vue-blog/server/node_modules/_express@4.17.1@express/lib/router/index.js:281:22
    at Function.process_params (/Users/hanbingbing/Desktop/sites/vue-blog/server/node_modules/_express@4.17.1@express/lib/router/index.js:335:12)
    at next (/Users/hanbingbing/Desktop/sites/vue-blog/server/node_modules/_express@4.17.1@express/lib/router/index.js:275:10)
    at Function.handle (/Users/hanbingbing/Desktop/sites/vue-blog/server/node_modules/_express@4.17.1@express/lib/router/index.js:174:3)
    at router (/Users/hanbingbing/Desktop/sites/vue-blog/server/node_modules/_express@4.17.1@express/lib/router/index.js:47:12)
    at Layer.handle [as handle_request] (/Users/hanbingbing/Desktop/sites/vue-blog/server/node_modules/_express@4.17.1@express/lib/router/layer.js:95:5)
    at trim_prefix (/Users/hanbingbing/Desktop/sites/vue-blog/server/node_modules/_express@4.17.1@express/lib/router/index.js:317:13)
    at /Users/hanbingbing/Desktop/sites/vue-blog/server/node_modules/_express@4.17.1@express/lib/router/index.js:284:7
    at Function.process_params (/Users/hanbingbing/Desktop/sites/vue-blog/server/node_modules/_express@4.17.1@express/lib/router/index.js:335:12)
    at next (/Users/hanbingbing/Desktop/sites/vue-blog/server/node_modules/_express@4.17.1@express/lib/router/index.js:275:10)
    at /Users/hanbingbing/Desktop/sites/vue-blog/server/node_modules/_express@4.17.1@express/lib/router/index.js:635:15
